#
# There is insufficient memory for the Java Runtime Environment to continue.
# Native memory allocation (mmap) failed to map 201326592 bytes for G1 virtual space
# Possible reasons:
#   The system is out of physical RAM or swap space
#   The process is running with CompressedOops enabled, and the Java Heap may be blocking the growth of the native heap
# Possible solutions:
#   Reduce memory load on the system
#   Increase physical memory or swap space
#   Check if swap backing store is full
#   Decrease Java heap size (-Xmx/-Xms)
#   Decrease number of Java threads
#   Decrease Java thread stack sizes (-Xss)
#   Set larger code cache with -XX:ReservedCodeCacheSize=
#   JVM is running with Zero Based Compressed Oops mode in which the Java heap is
#     placed in the first 32GB address space. The Java Heap base address is the
#     maximum limit for the native heap growth. Please use -XX:HeapBaseMinAddress
#     to set the Java Heap base and to place the Java Heap above 32GB virtual address.
# This output file may be truncated or incomplete.
#
#  Out of Memory Error (os_windows.cpp:3535), pid=14224, tid=1572
#
# JRE version:  (17.0.3.1+2) (build )
# Java VM: Java HotSpot(TM) 64-Bit Server VM (17.0.3.1+2-LTS-6, mixed mode, sharing, tiered, compressed oops, compressed class ptrs, g1 gc, windows-amd64)
# No core dump will be written. Minidumps are not enabled by default on client versions of Windows
#

---------------  S U M M A R Y ------------

Command Line: -Dmaven.home=EMBEDDED -Dclassworlds.conf=F:\JavaWorkSpace\projects\.metadata\.plugins\org.eclipse.m2e.launching\launches\m2conf11926400064743447934.tmp -Dmaven.multiModuleProjectDirectory=F:\JavaWorkSpace\projects\ErrorLogin -Dfile.encoding=GBK -XX:+ShowCodeDetailsInExceptionMessages org.codehaus.plexus.classworlds.launcher.Launcher -B clean package

Host: Intel(R) Core(TM) i5-7200U CPU @ 2.50GHz, 4 cores, 11G,  Windows 11 , 64 bit Build 22000 (10.0.22000.675)
Time: Sat Jun 11 18:35:44 2022  Windows 11 , 64 bit Build 22000 (10.0.22000.675) elapsed time: 0.116225 seconds (0d 0h 0m 0s)

---------------  T H R E A D  ---------------

Current thread (0x0000020fdf0de8b0):  JavaThread "Unknown thread" [_thread_in_vm, id=1572, stack(0x000000b4e0000000,0x000000b4e0100000)]

Stack: [0x000000b4e0000000,0x000000b4e0100000]
Native frames: (J=compiled Java code, j=interpreted, Vv=VM code, C=native code)
V  [jvm.dll+0x6711ba]
V  [jvm.dll+0x7d0834]
V  [jvm.dll+0x7d1fde]
V  [jvm.dll+0x7d2643]
V  [jvm.dll+0x242c85]
V  [jvm.dll+0x66e0d9]
V  [jvm.dll+0x662a22]
V  [jvm.dll+0x300ddb]
V  [jvm.dll+0x308376]
V  [jvm.dll+0x357f7e]
V  [jvm.dll+0x3581af]
V  [jvm.dll+0x2d7ff8]
V  [jvm.dll+0x2d8f64]
V  [jvm.dll+0x7a2411]
V  [jvm.dll+0x365d01]
V  [jvm.dll+0x78187c]
V  [jvm.dll+0x3e873f]
V  [jvm.dll+0x3ea1e1]
C  [jli.dll+0x527b]
C  [ucrtbase.dll+0x26c0c]
C  [KERNEL32.DLL+0x154e0]
C  [ntdll.dll+0x485b]


---------------  P R O C E S S  ---------------

Threads class SMR info:
_java_thread_list=0x00007ff8dbd39858, length=0, elements={
}

Java Threads: ( => current thread )

Other Threads:
  0x0000020fdf135ad0 GCTaskThread "GC Thread#0" [stack: 0x000000b4e0100000,0x000000b4e0200000] [id=7500]
  0x0000020fdf143040 ConcurrentGCThread "G1 Main Marker" [stack: 0x000000b4e0200000,0x000000b4e0300000] [id=8472]
  0x0000020fdf143a50 ConcurrentGCThread "G1 Conc#0" [stack: 0x000000b4e0300000,0x000000b4e0400000] [id=2104]

[error occurred during error reporting (printing all threads), id 0xc0000005, EXCEPTION_ACCESS_VIOLATION (0xc0000005) at pc=0x00007ff8db5889e7]

VM state: not at safepoint (not fully initialized)

VM Mutex/Monitor currently owned by a thread:  ([mutex/lock_event])
[0x0000020fdf0d98b0] Heap_lock - owner thread: 0x0000020fdf0de8b0

Heap address: 0x0000000741600000, size: 3050 MB, Compressed Oops mode: Zero based, Oop shift amount: 3

CDS archive(s) mapped at: [0x0000000000000000-0x0000000000000000-0x0000000000000000), size 0, SharedBaseAddress: 0x0000000800000000, ArchiveRelocationMode: 0.
Narrow klass base: 0x0000000000000000, Narrow klass shift: 0, Narrow klass range: 0x0

GC Precious Log:
<Empty>

Heap:
 garbage-first heap   total 0K, used 0K [0x0000000741600000, 0x0000000800000000)
  region size 2048K, 0 young (0K), 0 survivors (0K)

[error occurred during error reporting (printing heap information), id 0xc0000005, EXCEPTION_ACCESS_VIOLATION (0xc0000005) at pc=0x00007ff8db96a629]

GC Heap History (0 events):
No events

Deoptimization events (0 events):
No events

Classes unloaded (0 events):
No events

Classes redefined (0 events):
No events

Internal exceptions (0 events):
No events

VM Operations (0 events):
No events

Events (1 events):
Event: 0.009 Loaded shared library D:\Java\17\bin\java.dll


Dynamic libraries:
0x00007ff604270000 - 0x00007ff604280000 	D:\Java\17\bin\javaw.exe
0x00007ff918400000 - 0x00007ff918609000 	C:\Windows\SYSTEM32\ntdll.dll
0x00007ff916fc0000 - 0x00007ff91707d000 	C:\Windows\System32\KERNEL32.DLL
0x00007ff915a10000 - 0x00007ff915d89000 	C:\Windows\System32\KERNELBASE.dll
0x00007ff916110000 - 0x00007ff916221000 	C:\Windows\System32\ucrtbase.dll
0x00007ff909ca0000 - 0x00007ff909cb8000 	D:\Java\17\bin\jli.dll
0x00007ff916d50000 - 0x00007ff916dfe000 	C:\Windows\System32\ADVAPI32.dll
0x00007ff917900000 - 0x00007ff9179a3000 	C:\Windows\System32\msvcrt.dll
0x00007ff903720000 - 0x00007ff90373a000 	D:\Java\17\bin\VCRUNTIME140.dll
0x00007ff916380000 - 0x00007ff91641e000 	C:\Windows\System32\sechost.dll
0x00007ff916420000 - 0x00007ff916540000 	C:\Windows\System32\RPCRT4.dll
0x00007ff918210000 - 0x00007ff9183bc000 	C:\Windows\System32\USER32.dll
0x00007ff915eb0000 - 0x00007ff915ed6000 	C:\Windows\System32\win32u.dll
0x00007ff9077c0000 - 0x00007ff907a65000 	C:\Windows\WinSxS\amd64_microsoft.windows.common-controls_6595b64144ccf1df_6.0.22000.120_none_9d947278b86cc467\COMCTL32.dll
0x00007ff916b30000 - 0x00007ff916b59000 	C:\Windows\System32\GDI32.dll
0x00007ff915d90000 - 0x00007ff915ea2000 	C:\Windows\System32\gdi32full.dll
0x00007ff915970000 - 0x00007ff915a0d000 	C:\Windows\System32\msvcp_win.dll
0x00007ff90eaa0000 - 0x00007ff90eaaa000 	C:\Windows\SYSTEM32\VERSION.dll
0x00007ff916bc0000 - 0x00007ff916bf1000 	C:\Windows\System32\IMM32.DLL
0x00007ff90bda0000 - 0x00007ff90bdac000 	D:\Java\17\bin\vcruntime140_1.dll
0x00007ff8f91c0000 - 0x00007ff8f924d000 	D:\Java\17\bin\msvcp140.dll
0x00007ff8db2a0000 - 0x00007ff8dbe60000 	D:\Java\17\bin\server\jvm.dll
0x00007ff918180000 - 0x00007ff918188000 	C:\Windows\System32\PSAPI.DLL
0x00007ff908960000 - 0x00007ff908969000 	C:\Windows\SYSTEM32\WSOCK32.dll
0x00007ff916970000 - 0x00007ff9169df000 	C:\Windows\System32\WS2_32.dll
0x00007ff910240000 - 0x00007ff910273000 	C:\Windows\SYSTEM32\WINMM.dll
0x00007ff9149f0000 - 0x00007ff914a08000 	C:\Windows\SYSTEM32\kernel.appcore.dll
0x00007ff90bb80000 - 0x00007ff90bb8a000 	D:\Java\17\bin\jimage.dll
0x00007ff8fd1d0000 - 0x00007ff8fd3f1000 	C:\Windows\SYSTEM32\DBGHELP.DLL
0x00007ff9036a0000 - 0x00007ff9036d1000 	C:\Windows\SYSTEM32\dbgcore.DLL
0x00007ff9158f0000 - 0x00007ff91596f000 	C:\Windows\System32\bcryptPrimitives.dll
0x00007ff8fc000000 - 0x00007ff8fc025000 	D:\Java\17\bin\java.dll

dbghelp: loaded successfully - version: 4.0.5 - missing functions: none
symbol engine: initialized successfully - sym options: 0x614 - pdb path: .;D:\Java\17\bin;C:\Windows\SYSTEM32;C:\Windows\WinSxS\amd64_microsoft.windows.common-controls_6595b64144ccf1df_6.0.22000.120_none_9d947278b86cc467;D:\Java\17\bin\server

VM Arguments:
jvm_args: -Dmaven.home=EMBEDDED -Dclassworlds.conf=F:\JavaWorkSpace\projects\.metadata\.plugins\org.eclipse.m2e.launching\launches\m2conf11926400064743447934.tmp -Dmaven.multiModuleProjectDirectory=F:\JavaWorkSpace\projects\ErrorLogin -Dfile.encoding=GBK -XX:+ShowCodeDetailsInExceptionMessages 
java_command: org.codehaus.plexus.classworlds.launcher.Launcher -B clean package
java_class_path (initial): D:\Eclipse\plugins\org.eclipse.m2e.maven.runtime_1.18.3.20220227-1319\jars\plexus-classworlds-2.6.0.jar
Launcher Type: SUN_STANDARD

[Global flags]
     intx CICompilerCount                          = 3                                         {product} {ergonomic}
     uint ConcGCThreads                            = 1                                         {product} {ergonomic}
     uint G1ConcRefinementThreads                  = 4                                         {product} {ergonomic}
   size_t G1HeapRegionSize                         = 2097152                                   {product} {ergonomic}
    uintx GCDrainStackTargetSize                   = 64                                        {product} {ergonomic}
   size_t InitialHeapSize                          = 201326592                                 {product} {ergonomic}
   size_t MarkStackSize                            = 4194304                                   {product} {ergonomic}
   size_t MaxHeapSize                              = 3198156800                                {product} {ergonomic}
   size_t MinHeapDeltaBytes                        = 2097152                                   {product} {ergonomic}
   size_t MinHeapSize                              = 8388608                                   {product} {ergonomic}
    uintx NonNMethodCodeHeapSize                   = 5832780                                {pd product} {ergonomic}
    uintx NonProfiledCodeHeapSize                  = 122912730                              {pd product} {ergonomic}
    uintx ProfiledCodeHeapSize                     = 122912730                              {pd product} {ergonomic}
    uintx ReservedCodeCacheSize                    = 251658240                              {pd product} {ergonomic}
     bool SegmentedCodeCache                       = true                                      {product} {ergonomic}
     bool ShowCodeDetailsInExceptionMessages       = true                                   {manageable} {command line}
   size_t SoftMaxHeapSize                          = 3198156800                             {manageable} {ergonomic}
     bool UseCompressedClassPointers               = true                           {product lp64_product} {ergonomic}
     bool UseCompressedOops                        = true                           {product lp64_product} {ergonomic}
     bool UseG1GC                                  = true                                      {product} {ergonomic}
     bool UseLargePagesIndividualAllocation        = false                                  {pd product} {ergonomic}

Logging:
Log output configuration:
 #0: stdout all=warning uptime,level,tags
 #1: stderr all=off uptime,level,tags

Environment Variables:
PATH=D:/Eclipse//plugins/org.eclipse.justj.openjdk.hotspot.jre.full.win32.x86_64_17.0.2.v20220201-1208/jre/bin/server;D:/Eclipse//plugins/org.eclipse.justj.openjdk.hotspot.jre.full.win32.x86_64_17.0.2.v20220201-1208/jre/bin;C:\Program Files\Microsoft\jdk-11.0.12.7-hotspot\bin;C:\Program Files (x86)\Common Files\Intel\Shared Libraries\redist\intel64\compiler;C:\Program Files\Common Files\Oracle\Java\javapath;C:\Windows\system32;C:\Windows;C:\Windows\System32\Wbem;C:\Windows\System32\WindowsPowerShell\v1.0\;C:\Windows\System32\OpenSSH\;C:\Program Files (x86)\ZeroTier\One\;D:\FFMPEG\ffmpeg-N-104375-g77970abb71-win64-gpl\bin;D:\ADB;C:\Program Files\Microsoft SQL Server\150\Tools\Binn\;C:\Program Files\Microsoft SQL Server\Client SDK\ODBC\170\Tools\Binn\;C:\Program Files\dotnet\;D:\Program Files (x86)\IncrediBuild;D:\Maven\apache-maven-3.8.5\bin;;C:\Program Files (x86)\NVIDIA Corporation\PhysX\Common;D:\Python1.10\Scripts\;D:\Python1.10\;C:\Users\a_blu\AppData\Local\Microsoft\WindowsApps;;D:\Microsoft VS Code\bin;D:\cpolar\;C:\Users\a_blu\.dotnet\tools;D:\Eclipse;
USERNAME=a_blu
OS=Windows_NT
PROCESSOR_IDENTIFIER=Intel64 Family 6 Model 142 Stepping 9, GenuineIntel



---------------  S Y S T E M  ---------------

OS:
 Windows 11 , 64 bit Build 22000 (10.0.22000.675)
OS uptime: 8 days 3:00 hours

CPU: total 4 (initial active 4) (2 cores per cpu, 2 threads per core) family 6 model 142 stepping 9 microcode 0xde, cx8, cmov, fxsr, ht, mmx, 3dnowpref, sse, sse2, sse3, ssse3, sse4.1, sse4.2, popcnt, lzcnt, tsc, tscinvbit, avx, avx2, aes, erms, clmul, bmi1, bmi2, adx, fma, vzeroupper, clflush, clflushopt

Memory: 4k page, system-wide physical 12198M (915M free)
TotalPageFile size 15270M (AvailPageFile size 132M)
current process WorkingSet (physical memory assigned to process): 10M, peak: 10M
current process commit charge ("private bytes"): 51M, peak: 243M

vm_info: Java HotSpot(TM) 64-Bit Server VM (17.0.3.1+2-LTS-6) for windows-amd64 JRE (17.0.3.1+2-LTS-6), built on Apr 25 2022 22:04:21 by "mach5one" with MS VC++ 16.8 / 16.9 (VS2019)

END.
