#
# There is insufficient memory for the Java Runtime Environment to continue.
# Native memory allocation (mmap) failed to map 65536 bytes for Failed to commit metaspace.
# Possible reasons:
#   The system is out of physical RAM or swap space
#   The process is running with CompressedOops enabled, and the Java Heap may be blocking the growth of the native heap
# Possible solutions:
#   Reduce memory load on the system
#   Increase physical memory or swap space
#   Check if swap backing store is full
#   Decrease Java heap size (-Xmx/-Xms)
#   Decrease number of Java threads
#   Decrease Java thread stack sizes (-Xss)
#   Set larger code cache with -XX:ReservedCodeCacheSize=
#   JVM is running with Zero Based Compressed Oops mode in which the Java heap is
#     placed in the first 32GB address space. The Java Heap base address is the
#     maximum limit for the native heap growth. Please use -XX:HeapBaseMinAddress
#     to set the Java Heap base and to place the Java Heap above 32GB virtual address.
# This output file may be truncated or incomplete.
#
#  Out of Memory Error (virtualSpaceNode.cpp:110), pid=6344, tid=9436
#
# JRE version: Java(TM) SE Runtime Environment (17.0.3.1+2) (build 17.0.3.1+2-LTS-6)
# Java VM: Java HotSpot(TM) 64-Bit Server VM (17.0.3.1+2-LTS-6, mixed mode, sharing, tiered, compressed oops, compressed class ptrs, g1 gc, windows-amd64)
# No core dump will be written. Minidumps are not enabled by default on client versions of Windows
#

---------------  S U M M A R Y ------------

Command Line: -Dmaven.home=EMBEDDED -Dclassworlds.conf=F:\JavaWorkSpace\projects\.metadata\.plugins\org.eclipse.m2e.launching\launches\m2conf3695159089080640073.tmp -Dmaven.multiModuleProjectDirectory=F:\JavaWorkSpace\projects\ErrorLogin -Dfile.encoding=GBK -XX:+ShowCodeDetailsInExceptionMessages org.codehaus.plexus.classworlds.launcher.Launcher -B clean package

Host: Intel(R) Core(TM) i5-7200U CPU @ 2.50GHz, 4 cores, 11G,  Windows 11 , 64 bit Build 22000 (10.0.22000.675)
Time: Sat Jun 11 16:08:23 2022  Windows 11 , 64 bit Build 22000 (10.0.22000.675) elapsed time: 0.174925 seconds (0d 0h 0m 0s)

---------------  T H R E A D  ---------------

Current thread (0x000002be7f87b4e0):  JavaThread "C1 CompilerThread0" daemon [_thread_in_vm, id=9436, stack(0x000000cd21d00000,0x000000cd21e00000)]


Current CompileTask:
C1:    189   49       3       java.util.HashMap::newNode (13 bytes)

Stack: [0x000000cd21d00000,0x000000cd21e00000]
Native frames: (J=compiled Java code, j=interpreted, Vv=VM code, C=native code)
V  [jvm.dll+0x6711ba]
V  [jvm.dll+0x7d0834]
V  [jvm.dll+0x7d1fde]
V  [jvm.dll+0x7d2643]
V  [jvm.dll+0x242c85]
V  [jvm.dll+0x7cc7db]
V  [jvm.dll+0x616f96]
V  [jvm.dll+0x616ffa]
V  [jvm.dll+0x61980a]
V  [jvm.dll+0x617936]
V  [jvm.dll+0x628aaa]
V  [jvm.dll+0x6218ba]
V  [jvm.dll+0x1ca3f0]
V  [jvm.dll+0x1ca5df]
V  [jvm.dll+0x144711]
V  [jvm.dll+0x144555]
V  [jvm.dll+0x13bd99]
V  [jvm.dll+0x13e395]
V  [jvm.dll+0x13c674]
V  [jvm.dll+0x13664f]
V  [jvm.dll+0x146186]
V  [jvm.dll+0x131d40]
V  [jvm.dll+0x1320a0]
V  [jvm.dll+0x132366]
V  [jvm.dll+0x1317fa]
V  [jvm.dll+0x1334c1]
V  [jvm.dll+0x2249c8]
V  [jvm.dll+0x222b2c]
V  [jvm.dll+0x78650b]
V  [jvm.dll+0x780aca]
V  [jvm.dll+0x670045]
C  [ucrtbase.dll+0x26c0c]
C  [KERNEL32.DLL+0x154e0]
C  [ntdll.dll+0x485b]


---------------  P R O C E S S  ---------------

Threads class SMR info:
_java_thread_list=0x000002be7f862e30, length=10, elements={
0x000002be639ac630, 0x000002be7f847ec0, 0x000002be7f848a70, 0x000002be7f869a70,
0x000002be7f86a420, 0x000002be7f86add0, 0x000002be7f86ec80, 0x000002be7f87aa40,
0x000002be7f87b4e0, 0x000002be7f8846a0
}

Java Threads: ( => current thread )
  0x000002be639ac630 JavaThread "main" [_thread_in_vm, id=9704, stack(0x000000cd20f00000,0x000000cd21000000)]
  0x000002be7f847ec0 JavaThread "Reference Handler" daemon [_thread_blocked, id=12632, stack(0x000000cd21600000,0x000000cd21700000)]
  0x000002be7f848a70 JavaThread "Finalizer" daemon [_thread_blocked, id=10456, stack(0x000000cd21700000,0x000000cd21800000)]
  0x000002be7f869a70 JavaThread "Signal Dispatcher" daemon [_thread_blocked, id=4756, stack(0x000000cd21800000,0x000000cd21900000)]
  0x000002be7f86a420 JavaThread "Attach Listener" daemon [_thread_blocked, id=3900, stack(0x000000cd21900000,0x000000cd21a00000)]
  0x000002be7f86add0 JavaThread "Service Thread" daemon [_thread_blocked, id=8128, stack(0x000000cd21a00000,0x000000cd21b00000)]
  0x000002be7f86ec80 JavaThread "Monitor Deflation Thread" daemon [_thread_blocked, id=5448, stack(0x000000cd21b00000,0x000000cd21c00000)]
  0x000002be7f87aa40 JavaThread "C2 CompilerThread0" daemon [_thread_blocked, id=10520, stack(0x000000cd21c00000,0x000000cd21d00000)]
=>0x000002be7f87b4e0 JavaThread "C1 CompilerThread0" daemon [_thread_in_vm, id=9436, stack(0x000000cd21d00000,0x000000cd21e00000)]
  0x000002be7f8846a0 JavaThread "Sweeper thread" daemon [_thread_blocked, id=2740, stack(0x000000cd21e00000,0x000000cd21f00000)]

Other Threads:
  0x000002be7f843420 VMThread "VM Thread" [stack: 0x000000cd21500000,0x000000cd21600000] [id=4792]
  0x000002be63a03ef0 GCTaskThread "GC Thread#0" [stack: 0x000000cd21000000,0x000000cd21100000] [id=13196]
  0x000002be63a10cc0 ConcurrentGCThread "G1 Main Marker" [stack: 0x000000cd21100000,0x000000cd21200000] [id=13944]
  0x000002be63a116d0 ConcurrentGCThread "G1 Conc#0" [stack: 0x000000cd21200000,0x000000cd21300000] [id=12356]
  0x000002be7f700490 ConcurrentGCThread "G1 Refine#0" [stack: 0x000000cd21300000,0x000000cd21400000] [id=9880]
  0x000002be7f700eb0 ConcurrentGCThread "G1 Service" [stack: 0x000000cd21400000,0x000000cd21500000] [id=5260]

Threads with active compile tasks:
C1 CompilerThread0      431   49       3       java.util.HashMap::newNode (13 bytes)

VM state: not at safepoint (normal execution)

VM Mutex/Monitor currently owned by a thread:  ([mutex/lock_event])
[0x000002be639a6b50] Metaspace_lock - owner thread: 0x000002be7f87b4e0
[0x000002be639a8580] MethodData_lock - owner thread: 0x000002be7f87b4e0

Heap address: 0x0000000741600000, size: 3050 MB, Compressed Oops mode: Zero based, Oop shift amount: 3

CDS archive(s) mapped at: [0x0000000800000000-0x0000000800bc0000-0x0000000800bc0000), size 12320768, SharedBaseAddress: 0x0000000800000000, ArchiveRelocationMode: 0.
Compressed class space mapped at: 0x0000000800c00000-0x0000000840c00000, reserved size: 1073741824
Narrow klass base: 0x0000000800000000, Narrow klass shift: 0, Narrow klass range: 0x100000000

GC Precious Log:
 CPUs: 4 total, 4 available
 Memory: 12198M
 Large Page Support: Disabled
 NUMA Support: Disabled
 Compressed Oops: Enabled (Zero based)
 Heap Region Size: 2M
 Heap Min Capacity: 8M
 Heap Initial Capacity: 192M
 Heap Max Capacity: 3050M
 Pre-touch: Disabled
 Parallel Workers: 4
 Concurrent Workers: 1
 Concurrent Refinement Workers: 4
 Periodic GC: Disabled

Heap:
 garbage-first heap   total 196608K, used 0K [0x0000000741600000, 0x0000000800000000)
  region size 2048K, 1 young (2048K), 0 survivors (0K)
 Metaspace       used 134K, committed 192K, reserved 1056768K
  class space    used 6K, committed 64K, reserved 1048576K

Heap Regions: E=young(eden), S=young(survivor), O=old, HS=humongous(starts), HC=humongous(continues), CS=collection set, F=free, OA=open archive, CA=closed archive, TAMS=top-at-mark-start (previous, next)
|   0|0x0000000741600000, 0x0000000741600000, 0x0000000741800000|  0%| F|  |TAMS 0x0000000741600000, 0x0000000741600000| Untracked 
|   1|0x0000000741800000, 0x0000000741800000, 0x0000000741a00000|  0%| F|  |TAMS 0x0000000741800000, 0x0000000741800000| Untracked 
|   2|0x0000000741a00000, 0x0000000741a00000, 0x0000000741c00000|  0%| F|  |TAMS 0x0000000741a00000, 0x0000000741a00000| Untracked 
|   3|0x0000000741c00000, 0x0000000741c00000, 0x0000000741e00000|  0%| F|  |TAMS 0x0000000741c00000, 0x0000000741c00000| Untracked 
|   4|0x0000000741e00000, 0x0000000741e00000, 0x0000000742000000|  0%| F|  |TAMS 0x0000000741e00000, 0x0000000741e00000| Untracked 
|   5|0x0000000742000000, 0x0000000742000000, 0x0000000742200000|  0%| F|  |TAMS 0x0000000742000000, 0x0000000742000000| Untracked 
|   6|0x0000000742200000, 0x0000000742200000, 0x0000000742400000|  0%| F|  |TAMS 0x0000000742200000, 0x0000000742200000| Untracked 
|   7|0x0000000742400000, 0x0000000742400000, 0x0000000742600000|  0%| F|  |TAMS 0x0000000742400000, 0x0000000742400000| Untracked 
|   8|0x0000000742600000, 0x0000000742600000, 0x0000000742800000|  0%| F|  |TAMS 0x0000000742600000, 0x0000000742600000| Untracked 
|   9|0x0000000742800000, 0x0000000742800000, 0x0000000742a00000|  0%| F|  |TAMS 0x0000000742800000, 0x0000000742800000| Untracked 
|  10|0x0000000742a00000, 0x0000000742a00000, 0x0000000742c00000|  0%| F|  |TAMS 0x0000000742a00000, 0x0000000742a00000| Untracked 
|  11|0x0000000742c00000, 0x0000000742c00000, 0x0000000742e00000|  0%| F|  |TAMS 0x0000000742c00000, 0x0000000742c00000| Untracked 
|  12|0x0000000742e00000, 0x0000000742e00000, 0x0000000743000000|  0%| F|  |TAMS 0x0000000742e00000, 0x0000000742e00000| Untracked 
|  13|0x0000000743000000, 0x0000000743000000, 0x0000000743200000|  0%| F|  |TAMS 0x0000000743000000, 0x0000000743000000| Untracked 
|  14|0x0000000743200000, 0x0000000743200000, 0x0000000743400000|  0%| F|  |TAMS 0x0000000743200000, 0x0000000743200000| Untracked 
|  15|0x0000000743400000, 0x0000000743400000, 0x0000000743600000|  0%| F|  |TAMS 0x0000000743400000, 0x0000000743400000| Untracked 
|  16|0x0000000743600000, 0x0000000743600000, 0x0000000743800000|  0%| F|  |TAMS 0x0000000743600000, 0x0000000743600000| Untracked 
|  17|0x0000000743800000, 0x0000000743800000, 0x0000000743a00000|  0%| F|  |TAMS 0x0000000743800000, 0x0000000743800000| Untracked 
|  18|0x0000000743a00000, 0x0000000743a00000, 0x0000000743c00000|  0%| F|  |TAMS 0x0000000743a00000, 0x0000000743a00000| Untracked 
|  19|0x0000000743c00000, 0x0000000743c00000, 0x0000000743e00000|  0%| F|  |TAMS 0x0000000743c00000, 0x0000000743c00000| Untracked 
|  20|0x0000000743e00000, 0x0000000743e00000, 0x0000000744000000|  0%| F|  |TAMS 0x0000000743e00000, 0x0000000743e00000| Untracked 
|  21|0x0000000744000000, 0x0000000744000000, 0x0000000744200000|  0%| F|  |TAMS 0x0000000744000000, 0x0000000744000000| Untracked 
|  22|0x0000000744200000, 0x0000000744200000, 0x0000000744400000|  0%| F|  |TAMS 0x0000000744200000, 0x0000000744200000| Untracked 
|  23|0x0000000744400000, 0x0000000744400000, 0x0000000744600000|  0%| F|  |TAMS 0x0000000744400000, 0x0000000744400000| Untracked 
|  24|0x0000000744600000, 0x0000000744600000, 0x0000000744800000|  0%| F|  |TAMS 0x0000000744600000, 0x0000000744600000| Untracked 
|  25|0x0000000744800000, 0x0000000744800000, 0x0000000744a00000|  0%| F|  |TAMS 0x0000000744800000, 0x0000000744800000| Untracked 
|  26|0x0000000744a00000, 0x0000000744a00000, 0x0000000744c00000|  0%| F|  |TAMS 0x0000000744a00000, 0x0000000744a00000| Untracked 
|  27|0x0000000744c00000, 0x0000000744c00000, 0x0000000744e00000|  0%| F|  |TAMS 0x0000000744c00000, 0x0000000744c00000| Untracked 
|  28|0x0000000744e00000, 0x0000000744e00000, 0x0000000745000000|  0%| F|  |TAMS 0x0000000744e00000, 0x0000000744e00000| Untracked 
|  29|0x0000000745000000, 0x0000000745000000, 0x0000000745200000|  0%| F|  |TAMS 0x0000000745000000, 0x0000000745000000| Untracked 
|  30|0x0000000745200000, 0x0000000745200000, 0x0000000745400000|  0%| F|  |TAMS 0x0000000745200000, 0x0000000745200000| Untracked 
|  31|0x0000000745400000, 0x0000000745400000, 0x0000000745600000|  0%| F|  |TAMS 0x0000000745400000, 0x0000000745400000| Untracked 
|  32|0x0000000745600000, 0x0000000745600000, 0x0000000745800000|  0%| F|  |TAMS 0x0000000745600000, 0x0000000745600000| Untracked 
|  33|0x0000000745800000, 0x0000000745800000, 0x0000000745a00000|  0%| F|  |TAMS 0x0000000745800000, 0x0000000745800000| Untracked 
|  34|0x0000000745a00000, 0x0000000745a00000, 0x0000000745c00000|  0%| F|  |TAMS 0x0000000745a00000, 0x0000000745a00000| Untracked 
|  35|0x0000000745c00000, 0x0000000745c00000, 0x0000000745e00000|  0%| F|  |TAMS 0x0000000745c00000, 0x0000000745c00000| Untracked 
|  36|0x0000000745e00000, 0x0000000745e00000, 0x0000000746000000|  0%| F|  |TAMS 0x0000000745e00000, 0x0000000745e00000| Untracked 
|  37|0x0000000746000000, 0x0000000746000000, 0x0000000746200000|  0%| F|  |TAMS 0x0000000746000000, 0x0000000746000000| Untracked 
|  38|0x0000000746200000, 0x0000000746200000, 0x0000000746400000|  0%| F|  |TAMS 0x0000000746200000, 0x0000000746200000| Untracked 
|  39|0x0000000746400000, 0x0000000746400000, 0x0000000746600000|  0%| F|  |TAMS 0x0000000746400000, 0x0000000746400000| Untracked 
|  40|0x0000000746600000, 0x0000000746600000, 0x0000000746800000|  0%| F|  |TAMS 0x0000000746600000, 0x0000000746600000| Untracked 
|  41|0x0000000746800000, 0x0000000746800000, 0x0000000746a00000|  0%| F|  |TAMS 0x0000000746800000, 0x0000000746800000| Untracked 
|  42|0x0000000746a00000, 0x0000000746a00000, 0x0000000746c00000|  0%| F|  |TAMS 0x0000000746a00000, 0x0000000746a00000| Untracked 
|  43|0x0000000746c00000, 0x0000000746c00000, 0x0000000746e00000|  0%| F|  |TAMS 0x0000000746c00000, 0x0000000746c00000| Untracked 
|  44|0x0000000746e00000, 0x0000000746e00000, 0x0000000747000000|  0%| F|  |TAMS 0x0000000746e00000, 0x0000000746e00000| Untracked 
|  45|0x0000000747000000, 0x0000000747000000, 0x0000000747200000|  0%| F|  |TAMS 0x0000000747000000, 0x0000000747000000| Untracked 
|  46|0x0000000747200000, 0x0000000747200000, 0x0000000747400000|  0%| F|  |TAMS 0x0000000747200000, 0x0000000747200000| Untracked 
|  47|0x0000000747400000, 0x0000000747400000, 0x0000000747600000|  0%| F|  |TAMS 0x0000000747400000, 0x0000000747400000| Untracked 
|  48|0x0000000747600000, 0x0000000747600000, 0x0000000747800000|  0%| F|  |TAMS 0x0000000747600000, 0x0000000747600000| Untracked 
|  49|0x0000000747800000, 0x0000000747800000, 0x0000000747a00000|  0%| F|  |TAMS 0x0000000747800000, 0x0000000747800000| Untracked 
|  50|0x0000000747a00000, 0x0000000747a00000, 0x0000000747c00000|  0%| F|  |TAMS 0x0000000747a00000, 0x0000000747a00000| Untracked 
|  51|0x0000000747c00000, 0x0000000747c00000, 0x0000000747e00000|  0%| F|  |TAMS 0x0000000747c00000, 0x0000000747c00000| Untracked 
|  52|0x0000000747e00000, 0x0000000747e00000, 0x0000000748000000|  0%| F|  |TAMS 0x0000000747e00000, 0x0000000747e00000| Untracked 
|  53|0x0000000748000000, 0x0000000748000000, 0x0000000748200000|  0%| F|  |TAMS 0x0000000748000000, 0x0000000748000000| Untracked 
|  54|0x0000000748200000, 0x0000000748200000, 0x0000000748400000|  0%| F|  |TAMS 0x0000000748200000, 0x0000000748200000| Untracked 
|  55|0x0000000748400000, 0x0000000748400000, 0x0000000748600000|  0%| F|  |TAMS 0x0000000748400000, 0x0000000748400000| Untracked 
|  56|0x0000000748600000, 0x0000000748600000, 0x0000000748800000|  0%| F|  |TAMS 0x0000000748600000, 0x0000000748600000| Untracked 
|  57|0x0000000748800000, 0x0000000748800000, 0x0000000748a00000|  0%| F|  |TAMS 0x0000000748800000, 0x0000000748800000| Untracked 
|  58|0x0000000748a00000, 0x0000000748a00000, 0x0000000748c00000|  0%| F|  |TAMS 0x0000000748a00000, 0x0000000748a00000| Untracked 
|  59|0x0000000748c00000, 0x0000000748c00000, 0x0000000748e00000|  0%| F|  |TAMS 0x0000000748c00000, 0x0000000748c00000| Untracked 
|  60|0x0000000748e00000, 0x0000000748e00000, 0x0000000749000000|  0%| F|  |TAMS 0x0000000748e00000, 0x0000000748e00000| Untracked 
|  61|0x0000000749000000, 0x0000000749000000, 0x0000000749200000|  0%| F|  |TAMS 0x0000000749000000, 0x0000000749000000| Untracked 
|  62|0x0000000749200000, 0x0000000749200000, 0x0000000749400000|  0%| F|  |TAMS 0x0000000749200000, 0x0000000749200000| Untracked 
|  63|0x0000000749400000, 0x0000000749400000, 0x0000000749600000|  0%| F|  |TAMS 0x0000000749400000, 0x0000000749400000| Untracked 
|  64|0x0000000749600000, 0x0000000749600000, 0x0000000749800000|  0%| F|  |TAMS 0x0000000749600000, 0x0000000749600000| Untracked 
|  65|0x0000000749800000, 0x0000000749800000, 0x0000000749a00000|  0%| F|  |TAMS 0x0000000749800000, 0x0000000749800000| Untracked 
|  66|0x0000000749a00000, 0x0000000749a00000, 0x0000000749c00000|  0%| F|  |TAMS 0x0000000749a00000, 0x0000000749a00000| Untracked 
|  67|0x0000000749c00000, 0x0000000749c00000, 0x0000000749e00000|  0%| F|  |TAMS 0x0000000749c00000, 0x0000000749c00000| Untracked 
|  68|0x0000000749e00000, 0x0000000749e00000, 0x000000074a000000|  0%| F|  |TAMS 0x0000000749e00000, 0x0000000749e00000| Untracked 
|  69|0x000000074a000000, 0x000000074a000000, 0x000000074a200000|  0%| F|  |TAMS 0x000000074a000000, 0x000000074a000000| Untracked 
|  70|0x000000074a200000, 0x000000074a200000, 0x000000074a400000|  0%| F|  |TAMS 0x000000074a200000, 0x000000074a200000| Untracked 
|  71|0x000000074a400000, 0x000000074a400000, 0x000000074a600000|  0%| F|  |TAMS 0x000000074a400000, 0x000000074a400000| Untracked 
|  72|0x000000074a600000, 0x000000074a600000, 0x000000074a800000|  0%| F|  |TAMS 0x000000074a600000, 0x000000074a600000| Untracked 
|  73|0x000000074a800000, 0x000000074a800000, 0x000000074aa00000|  0%| F|  |TAMS 0x000000074a800000, 0x000000074a800000| Untracked 
|  74|0x000000074aa00000, 0x000000074aa00000, 0x000000074ac00000|  0%| F|  |TAMS 0x000000074aa00000, 0x000000074aa00000| Untracked 
|  75|0x000000074ac00000, 0x000000074ac00000, 0x000000074ae00000|  0%| F|  |TAMS 0x000000074ac00000, 0x000000074ac00000| Untracked 
|  76|0x000000074ae00000, 0x000000074ae00000, 0x000000074b000000|  0%| F|  |TAMS 0x000000074ae00000, 0x000000074ae00000| Untracked 
|  77|0x000000074b000000, 0x000000074b000000, 0x000000074b200000|  0%| F|  |TAMS 0x000000074b000000, 0x000000074b000000| Untracked 
|  78|0x000000074b200000, 0x000000074b200000, 0x000000074b400000|  0%| F|  |TAMS 0x000000074b200000, 0x000000074b200000| Untracked 
|  79|0x000000074b400000, 0x000000074b400000, 0x000000074b600000|  0%| F|  |TAMS 0x000000074b400000, 0x000000074b400000| Untracked 
|  80|0x000000074b600000, 0x000000074b600000, 0x000000074b800000|  0%| F|  |TAMS 0x000000074b600000, 0x000000074b600000| Untracked 
|  81|0x000000074b800000, 0x000000074b800000, 0x000000074ba00000|  0%| F|  |TAMS 0x000000074b800000, 0x000000074b800000| Untracked 
|  82|0x000000074ba00000, 0x000000074ba00000, 0x000000074bc00000|  0%| F|  |TAMS 0x000000074ba00000, 0x000000074ba00000| Untracked 
|  83|0x000000074bc00000, 0x000000074bc00000, 0x000000074be00000|  0%| F|  |TAMS 0x000000074bc00000, 0x000000074bc00000| Untracked 
|  84|0x000000074be00000, 0x000000074be00000, 0x000000074c000000|  0%| F|  |TAMS 0x000000074be00000, 0x000000074be00000| Untracked 
|  85|0x000000074c000000, 0x000000074c000000, 0x000000074c200000|  0%| F|  |TAMS 0x000000074c000000, 0x000000074c000000| Untracked 
|  86|0x000000074c200000, 0x000000074c200000, 0x000000074c400000|  0%| F|  |TAMS 0x000000074c200000, 0x000000074c200000| Untracked 
|  87|0x000000074c400000, 0x000000074c400000, 0x000000074c600000|  0%| F|  |TAMS 0x000000074c400000, 0x000000074c400000| Untracked 
|  88|0x000000074c600000, 0x000000074c600000, 0x000000074c800000|  0%| F|  |TAMS 0x000000074c600000, 0x000000074c600000| Untracked 
|  89|0x000000074c800000, 0x000000074c800000, 0x000000074ca00000|  0%| F|  |TAMS 0x000000074c800000, 0x000000074c800000| Untracked 
|  90|0x000000074ca00000, 0x000000074ca00000, 0x000000074cc00000|  0%| F|  |TAMS 0x000000074ca00000, 0x000000074ca00000| Untracked 
|  91|0x000000074cc00000, 0x000000074cc00000, 0x000000074ce00000|  0%| F|  |TAMS 0x000000074cc00000, 0x000000074cc00000| Untracked 
|  92|0x000000074ce00000, 0x000000074ce00000, 0x000000074d000000|  0%| F|  |TAMS 0x000000074ce00000, 0x000000074ce00000| Untracked 
|  93|0x000000074d000000, 0x000000074d000000, 0x000000074d200000|  0%| F|  |TAMS 0x000000074d000000, 0x000000074d000000| Untracked 
|  94|0x000000074d200000, 0x000000074d200000, 0x000000074d400000|  0%| F|  |TAMS 0x000000074d200000, 0x000000074d200000| Untracked 
|  95|0x000000074d400000, 0x000000074d541470, 0x000000074d600000| 62%| E|  |TAMS 0x000000074d400000, 0x000000074d400000| Complete 

Card table byte_map: [0x000002be7c660000,0x000002be7cc60000] _byte_map_base: 0x000002be78c55000

Marking Bits (Prev, Next): (CMBitMap*) 0x000002be63a04500, (CMBitMap*) 0x000002be63a04540
 Prev Bits: [0x000002be00000000, 0x000002be02fa8000)
 Next Bits: [0x000002be02fb0000, 0x000002be05f58000)

Polling page: 0x000002be63a90000

Metaspace:

Usage:
  Non-class:    127.66 KB used.
      Class:      6.51 KB used.
       Both:    134.17 KB used.

Virtual space:
  Non-class space:        8.00 MB reserved,     128.00 KB (  2%) committed,  1 nodes.
      Class space:        1.00 GB reserved,      64.00 KB ( <1%) committed,  1 nodes.
             Both:        1.01 GB reserved,     192.00 KB ( <1%) committed. 

Chunk freelists:
   Non-Class:  0 bytes
       Class:  3.75 MB
        Both:  3.75 MB

MaxMetaspaceSize: unlimited
CompressedClassSpaceSize: 1.00 GB
Initial GC threshold: 21.00 MB
Current GC threshold: 21.00 MB
CDS: on
MetaspaceReclaimPolicy: balanced
 - commit_granule_bytes: 65536.
 - commit_granule_words: 8192.
 - virtual_space_node_default_size: 1048576.
 - enlarge_chunks_in_place: 1.
 - new_chunks_are_fully_committed: 0.
 - uncommit_free_chunks: 1.
 - use_allocation_guard: 0.
 - handle_deallocations: 1.


Internal statistics:

num_allocs_failed_limit: 0.
num_arena_births: 2.
num_arena_deaths: 0.
num_vsnodes_births: 2.
num_vsnodes_deaths: 0.
num_space_committed: 3.
num_space_uncommitted: 0.
num_chunks_returned_to_freelist: 0.
num_chunks_taken_from_freelist: 3.
num_chunk_merges: 0.
num_chunk_splits: 1.
num_chunks_enlarged: 0.
num_purges: 0.
num_inconsistent_stats: 0.

CodeHeap 'non-profiled nmethods': size=120000Kb used=8Kb max_used=8Kb free=119991Kb
 bounds [0x000002be74510000, 0x000002be74780000, 0x000002be7ba40000]
CodeHeap 'profiled nmethods': size=120000Kb used=64Kb max_used=64Kb free=119935Kb
 bounds [0x000002be6cfe0000, 0x000002be6d250000, 0x000002be74510000]
CodeHeap 'non-nmethods': size=5760Kb used=1034Kb max_used=1041Kb free=4725Kb
 bounds [0x000002be6ca40000, 0x000002be6ccb0000, 0x000002be6cfe0000]
 total_blobs=335 nmethods=46 adapters=202
 compilation: enabled
              stopped_count=0, restarted_count=0
 full_count=0

Compilation events (20 events):
Event: 0.087 Thread 0x000002be7f87b4e0 nmethod 33 0x000002be6cfe8e90 code [0x000002be6cfe9080, 0x000002be6cfe95f8]
Event: 0.087 Thread 0x000002be7f87b4e0   34       3       java.util.ImmutableCollections$SetN$SetNIterator::next (90 bytes)
Event: 0.088 Thread 0x000002be7f87b4e0 nmethod 34 0x000002be6cfe9810 code [0x000002be6cfe99c0, 0x000002be6cfe9ce8]
Event: 0.088 Thread 0x000002be7f87b4e0   38       3       java.util.ImmutableCollections$SetN$SetNIterator::hasNext (13 bytes)
Event: 0.088 Thread 0x000002be7f87b4e0 nmethod 38 0x000002be6cfe9e90 code [0x000002be6cfea020, 0x000002be6cfea198]
Event: 0.088 Thread 0x000002be7f87b4e0   39   !   3       java.util.concurrent.ConcurrentHashMap::putVal (432 bytes)
Event: 0.090 Thread 0x000002be7f87b4e0 nmethod 39 0x000002be6cfea210 code [0x000002be6cfea580, 0x000002be6cfec128]
Event: 0.090 Thread 0x000002be7f87b4e0   40       3       java.util.concurrent.ConcurrentHashMap$Node::<init> (20 bytes)
Event: 0.090 Thread 0x000002be7f87b4e0 nmethod 40 0x000002be6cfecb10 code [0x000002be6cfeccc0, 0x000002be6cfecef8]
Event: 0.090 Thread 0x000002be7f87b4e0   41       3       java.util.concurrent.ConcurrentHashMap::addCount (280 bytes)
Event: 0.092 Thread 0x000002be7f87b4e0 nmethod 41 0x000002be6cfecf90 code [0x000002be6cfed1e0, 0x000002be6cfedb88]
Event: 0.092 Thread 0x000002be7f87b4e0   37       3       java.util.HashMap::hash (20 bytes)
Event: 0.092 Thread 0x000002be7f87b4e0 nmethod 37 0x000002be6cfede90 code [0x000002be6cfee040, 0x000002be6cfee248]
Event: 0.092 Thread 0x000002be7f87b4e0   45       3       java.util.concurrent.ConcurrentHashMap::putIfAbsent (8 bytes)
Event: 0.092 Thread 0x000002be7f87b4e0 nmethod 45 0x000002be6cfee310 code [0x000002be6cfee4a0, 0x000002be6cfee5e8]
Event: 0.092 Thread 0x000002be7f87b4e0   43       3       java.util.concurrent.ConcurrentHashMap::casTabAt (21 bytes)
Event: 0.092 Thread 0x000002be7f87b4e0 nmethod 43 0x000002be6cfee690 code [0x000002be6cfee820, 0x000002be6cfee998]
Event: 0.092 Thread 0x000002be7f87b4e0   48       3       java.util.HashMap::putVal (300 bytes)
Event: 0.093 Thread 0x000002be7f87b4e0 nmethod 48 0x000002be6cfeea10 code [0x000002be6cfeecc0, 0x000002be6cfefd78]
Event: 0.093 Thread 0x000002be7f87b4e0   49       3       java.util.HashMap::newNode (13 bytes)

GC Heap History (0 events):
No events

Deoptimization events (0 events):
No events

Classes unloaded (0 events):
No events

Classes redefined (0 events):
No events

Internal exceptions (0 events):
No events

VM Operations (0 events):
No events

Events (20 events):
Event: 0.046 loading class sun/nio/cs/GBK done
Event: 0.047 loading class sun/nio/cs/DoubleByte$Decoder
Event: 0.047 loading class sun/nio/cs/DelegatableDecoder
Event: 0.047 loading class sun/nio/cs/DelegatableDecoder done
Event: 0.047 loading class sun/nio/cs/DoubleByte$Decoder done
Event: 0.047 loading class sun/nio/cs/GBK$DecodeHolder
Event: 0.047 loading class sun/nio/cs/GBK$DecodeHolder done
Event: 0.047 loading class sun/nio/cs/DoubleByte
Event: 0.047 loading class sun/nio/cs/DoubleByte done
Event: 0.052 loading class sun/nio/cs/DoubleByte$Encoder
Event: 0.052 loading class sun/nio/cs/DoubleByte$Encoder done
Event: 0.053 loading class sun/nio/cs/GBK$EncodeHolder
Event: 0.053 loading class sun/nio/cs/GBK$EncodeHolder done
Event: 0.065 Thread 0x000002be7f869a70 Thread added: 0x000002be7f869a70
Event: 0.065 Thread 0x000002be7f86a420 Thread added: 0x000002be7f86a420
Event: 0.066 Thread 0x000002be7f86add0 Thread added: 0x000002be7f86add0
Event: 0.066 Thread 0x000002be7f86ec80 Thread added: 0x000002be7f86ec80
Event: 0.066 Thread 0x000002be7f87aa40 Thread added: 0x000002be7f87aa40
Event: 0.066 Thread 0x000002be7f87b4e0 Thread added: 0x000002be7f87b4e0
Event: 0.066 Thread 0x000002be7f8846a0 Thread added: 0x000002be7f8846a0


Dynamic libraries:
0x00007ff604270000 - 0x00007ff604280000 	D:\Java\17\bin\javaw.exe
0x00007ff918400000 - 0x00007ff918609000 	C:\Windows\SYSTEM32\ntdll.dll
0x00007ff916fc0000 - 0x00007ff91707d000 	C:\Windows\System32\KERNEL32.DLL
0x00007ff915a10000 - 0x00007ff915d89000 	C:\Windows\System32\KERNELBASE.dll
0x00007ff916110000 - 0x00007ff916221000 	C:\Windows\System32\ucrtbase.dll
0x00007ff90bbd0000 - 0x00007ff90bbe8000 	D:\Java\17\bin\jli.dll
0x00007ff916d50000 - 0x00007ff916dfe000 	C:\Windows\System32\ADVAPI32.dll
0x00007ff917900000 - 0x00007ff9179a3000 	C:\Windows\System32\msvcrt.dll
0x00007ff916380000 - 0x00007ff91641e000 	C:\Windows\System32\sechost.dll
0x00007ff916420000 - 0x00007ff916540000 	C:\Windows\System32\RPCRT4.dll
0x00007ff918210000 - 0x00007ff9183bc000 	C:\Windows\System32\USER32.dll
0x00007ff915eb0000 - 0x00007ff915ed6000 	C:\Windows\System32\win32u.dll
0x00007ff916b30000 - 0x00007ff916b59000 	C:\Windows\System32\GDI32.dll
0x00007ff915d90000 - 0x00007ff915ea2000 	C:\Windows\System32\gdi32full.dll
0x00007ff915970000 - 0x00007ff915a0d000 	C:\Windows\System32\msvcp_win.dll
0x00007ff902ca0000 - 0x00007ff902cba000 	D:\Java\17\bin\VCRUNTIME140.dll
0x00007ff9077c0000 - 0x00007ff907a65000 	C:\Windows\WinSxS\amd64_microsoft.windows.common-controls_6595b64144ccf1df_6.0.22000.120_none_9d947278b86cc467\COMCTL32.dll
0x00007ff90eaa0000 - 0x00007ff90eaaa000 	C:\Windows\SYSTEM32\VERSION.dll
0x00007ff916bc0000 - 0x00007ff916bf1000 	C:\Windows\System32\IMM32.DLL
0x00007ff912e10000 - 0x00007ff912e1c000 	D:\Java\17\bin\vcruntime140_1.dll
0x00007ff8f1f70000 - 0x00007ff8f1ffd000 	D:\Java\17\bin\msvcp140.dll
0x00007ff8abd50000 - 0x00007ff8ac910000 	D:\Java\17\bin\server\jvm.dll
0x00007ff918180000 - 0x00007ff918188000 	C:\Windows\System32\PSAPI.DLL
0x00007ff908960000 - 0x00007ff908969000 	C:\Windows\SYSTEM32\WSOCK32.dll
0x00007ff916970000 - 0x00007ff9169df000 	C:\Windows\System32\WS2_32.dll
0x00007ff910240000 - 0x00007ff910273000 	C:\Windows\SYSTEM32\WINMM.dll
0x00007ff9149f0000 - 0x00007ff914a08000 	C:\Windows\SYSTEM32\kernel.appcore.dll
0x00007ff90be50000 - 0x00007ff90be5a000 	D:\Java\17\bin\jimage.dll
0x00007ff8fd1d0000 - 0x00007ff8fd3f1000 	C:\Windows\SYSTEM32\DBGHELP.DLL
0x00007ff9036a0000 - 0x00007ff9036d1000 	C:\Windows\SYSTEM32\dbgcore.DLL
0x00007ff9158f0000 - 0x00007ff91596f000 	C:\Windows\System32\bcryptPrimitives.dll
0x00007ff900370000 - 0x00007ff900395000 	D:\Java\17\bin\java.dll
0x00007ff8e56e0000 - 0x00007ff8e57b6000 	D:\Java\17\bin\jsvml.dll
0x00007ff917080000 - 0x00007ff91782f000 	C:\Windows\System32\SHELL32.dll
0x00007ff913a20000 - 0x00007ff914288000 	C:\Windows\SYSTEM32\windows.storage.dll
0x00007ff9165f0000 - 0x00007ff916968000 	C:\Windows\System32\combase.dll
0x00007ff9138b0000 - 0x00007ff913a16000 	C:\Windows\SYSTEM32\wintypes.dll
0x00007ff916ed0000 - 0x00007ff916fba000 	C:\Windows\System32\SHCORE.dll
0x00007ff916b60000 - 0x00007ff916bbd000 	C:\Windows\System32\shlwapi.dll
0x00007ff915820000 - 0x00007ff915841000 	C:\Windows\SYSTEM32\profapi.dll

dbghelp: loaded successfully - version: 4.0.5 - missing functions: none
symbol engine: initialized successfully - sym options: 0x614 - pdb path: .;D:\Java\17\bin;C:\Windows\SYSTEM32;C:\Windows\WinSxS\amd64_microsoft.windows.common-controls_6595b64144ccf1df_6.0.22000.120_none_9d947278b86cc467;D:\Java\17\bin\server

VM Arguments:
jvm_args: -Dmaven.home=EMBEDDED -Dclassworlds.conf=F:\JavaWorkSpace\projects\.metadata\.plugins\org.eclipse.m2e.launching\launches\m2conf3695159089080640073.tmp -Dmaven.multiModuleProjectDirectory=F:\JavaWorkSpace\projects\ErrorLogin -Dfile.encoding=GBK -XX:+ShowCodeDetailsInExceptionMessages 
java_command: org.codehaus.plexus.classworlds.launcher.Launcher -B clean package
java_class_path (initial): D:\Eclipse\plugins\org.eclipse.m2e.maven.runtime_1.18.3.20220227-1319\jars\plexus-classworlds-2.6.0.jar
Launcher Type: SUN_STANDARD

[Global flags]
     intx CICompilerCount                          = 3                                         {product} {ergonomic}
     uint ConcGCThreads                            = 1                                         {product} {ergonomic}
     uint G1ConcRefinementThreads                  = 4                                         {product} {ergonomic}
   size_t G1HeapRegionSize                         = 2097152                                   {product} {ergonomic}
    uintx GCDrainStackTargetSize                   = 64                                        {product} {ergonomic}
   size_t InitialHeapSize                          = 201326592                                 {product} {ergonomic}
   size_t MarkStackSize                            = 4194304                                   {product} {ergonomic}
   size_t MaxHeapSize                              = 3198156800                                {product} {ergonomic}
   size_t MaxNewSize                               = 1918894080                                {product} {ergonomic}
   size_t MinHeapDeltaBytes                        = 2097152                                   {product} {ergonomic}
   size_t MinHeapSize                              = 8388608                                   {product} {ergonomic}
    uintx NonNMethodCodeHeapSize                   = 5832780                                {pd product} {ergonomic}
    uintx NonProfiledCodeHeapSize                  = 122912730                              {pd product} {ergonomic}
    uintx ProfiledCodeHeapSize                     = 122912730                              {pd product} {ergonomic}
    uintx ReservedCodeCacheSize                    = 251658240                              {pd product} {ergonomic}
     bool SegmentedCodeCache                       = true                                      {product} {ergonomic}
     bool ShowCodeDetailsInExceptionMessages       = true                                   {manageable} {command line}
   size_t SoftMaxHeapSize                          = 3198156800                             {manageable} {ergonomic}
     bool UseCompressedClassPointers               = true                           {product lp64_product} {ergonomic}
     bool UseCompressedOops                        = true                           {product lp64_product} {ergonomic}
     bool UseG1GC                                  = true                                      {product} {ergonomic}
     bool UseLargePagesIndividualAllocation        = false                                  {pd product} {ergonomic}

Logging:
Log output configuration:
 #0: stdout all=warning uptime,level,tags
 #1: stderr all=off uptime,level,tags

Environment Variables:
PATH=D:/Eclipse//plugins/org.eclipse.justj.openjdk.hotspot.jre.full.win32.x86_64_17.0.2.v20220201-1208/jre/bin/server;D:/Eclipse//plugins/org.eclipse.justj.openjdk.hotspot.jre.full.win32.x86_64_17.0.2.v20220201-1208/jre/bin;C:\Program Files\Microsoft\jdk-11.0.12.7-hotspot\bin;C:\Program Files (x86)\Common Files\Intel\Shared Libraries\redist\intel64\compiler;C:\Program Files\Common Files\Oracle\Java\javapath;C:\Windows\system32;C:\Windows;C:\Windows\System32\Wbem;C:\Windows\System32\WindowsPowerShell\v1.0\;C:\Windows\System32\OpenSSH\;C:\Program Files (x86)\ZeroTier\One\;D:\FFMPEG\ffmpeg-N-104375-g77970abb71-win64-gpl\bin;D:\ADB;C:\Program Files\Microsoft SQL Server\150\Tools\Binn\;C:\Program Files\Microsoft SQL Server\Client SDK\ODBC\170\Tools\Binn\;C:\Program Files\dotnet\;D:\Program Files (x86)\IncrediBuild;D:\Maven\apache-maven-3.8.5\bin;;C:\Program Files (x86)\NVIDIA Corporation\PhysX\Common;D:\Python1.10\Scripts\;D:\Python1.10\;C:\Users\a_blu\AppData\Local\Microsoft\WindowsApps;;D:\Microsoft VS Code\bin;D:\cpolar\;C:\Users\a_blu\.dotnet\tools;D:\Eclipse;
USERNAME=a_blu
OS=Windows_NT
PROCESSOR_IDENTIFIER=Intel64 Family 6 Model 142 Stepping 9, GenuineIntel



---------------  S Y S T E M  ---------------

OS:
 Windows 11 , 64 bit Build 22000 (10.0.22000.675)
OS uptime: 8 days 0:32 hours

CPU: total 4 (initial active 4) (2 cores per cpu, 2 threads per core) family 6 model 142 stepping 9 microcode 0xde, cx8, cmov, fxsr, ht, mmx, 3dnowpref, sse, sse2, sse3, ssse3, sse4.1, sse4.2, popcnt, lzcnt, tsc, tscinvbit, avx, avx2, aes, erms, clmul, bmi1, bmi2, adx, fma, vzeroupper, clflush, clflushopt

Memory: 4k page, system-wide physical 12198M (1480M free)
TotalPageFile size 15270M (AvailPageFile size 6M)
current process WorkingSet (physical memory assigned to process): 27M, peak: 27M
current process commit charge ("private bytes"): 267M, peak: 267M

vm_info: Java HotSpot(TM) 64-Bit Server VM (17.0.3.1+2-LTS-6) for windows-amd64 JRE (17.0.3.1+2-LTS-6), built on Apr 25 2022 22:04:21 by "mach5one" with MS VC++ 16.8 / 16.9 (VS2019)

END.
