#
# There is insufficient memory for the Java Runtime Environment to continue.
# Native memory allocation (malloc) failed to allocate 32744 bytes for ChunkPool::allocate
# Possible reasons:
#   The system is out of physical RAM or swap space
#   The process is running with CompressedOops enabled, and the Java Heap may be blocking the growth of the native heap
# Possible solutions:
#   Reduce memory load on the system
#   Increase physical memory or swap space
#   Check if swap backing store is full
#   Decrease Java heap size (-Xmx/-Xms)
#   Decrease number of Java threads
#   Decrease Java thread stack sizes (-Xss)
#   Set larger code cache with -XX:ReservedCodeCacheSize=
#   JVM is running with Zero Based Compressed Oops mode in which the Java heap is
#     placed in the first 32GB address space. The Java Heap base address is the
#     maximum limit for the native heap growth. Please use -XX:HeapBaseMinAddress
#     to set the Java Heap base and to place the Java Heap above 32GB virtual address.
# This output file may be truncated or incomplete.
#
#  Out of Memory Error (arena.cpp:78), pid=7284, tid=5112
#
# JRE version: Java(TM) SE Runtime Environment (17.0.3.1+2) (build 17.0.3.1+2-LTS-6)
# Java VM: Java HotSpot(TM) 64-Bit Server VM (17.0.3.1+2-LTS-6, mixed mode, sharing, tiered, compressed oops, compressed class ptrs, g1 gc, windows-amd64)
# No core dump will be written. Minidumps are not enabled by default on client versions of Windows
#

---------------  S U M M A R Y ------------

Command Line: -Dmaven.home=EMBEDDED -Dclassworlds.conf=F:\JavaWorkSpace\projects\.metadata\.plugins\org.eclipse.m2e.launching\launches\m2conf18378431094724864895.tmp -Dmaven.multiModuleProjectDirectory=F:\JavaWorkSpace\projects\ErrorLogin -Dfile.encoding=GBK -XX:+ShowCodeDetailsInExceptionMessages org.codehaus.plexus.classworlds.launcher.Launcher -B clean package

Host: Intel(R) Core(TM) i5-7200U CPU @ 2.50GHz, 4 cores, 11G,  Windows 11 , 64 bit Build 22000 (10.0.22000.675)
Time: Sat Jun 11 16:09:16 2022  Windows 11 , 64 bit Build 22000 (10.0.22000.675) elapsed time: 2.238849 seconds (0d 0h 0m 2s)

---------------  T H R E A D  ---------------

Current thread (0x000001b76317c3f0):  JavaThread "C2 CompilerThread1" daemon [_thread_in_native, id=5112, stack(0x0000008880500000,0x0000008880600000)]


Current CompileTask:
C2:   2238 1625       4       java.lang.String::startsWith (7 bytes)

Stack: [0x0000008880500000,0x0000008880600000]
Native frames: (J=compiled Java code, j=interpreted, Vv=VM code, C=native code)
V  [jvm.dll+0x6711ba]
V  [jvm.dll+0x7d0834]
V  [jvm.dll+0x7d1fde]
V  [jvm.dll+0x7d2643]
V  [jvm.dll+0x242c85]
V  [jvm.dll+0xaa7c0]
V  [jvm.dll+0xaab0c]
V  [jvm.dll+0x613323]
V  [jvm.dll+0x33bcf9]
V  [jvm.dll+0x67f12b]
V  [jvm.dll+0x67e804]
V  [jvm.dll+0x1a4dac]
V  [jvm.dll+0x1a5976]
V  [jvm.dll+0x2a8bf4]
V  [jvm.dll+0x68961b]
V  [jvm.dll+0x68161b]
V  [jvm.dll+0x680c57]
V  [jvm.dll+0x67eb52]
V  [jvm.dll+0x1a4dac]
V  [jvm.dll+0x1a5976]
V  [jvm.dll+0x2a8bf4]
V  [jvm.dll+0x68961b]
V  [jvm.dll+0x68161b]
V  [jvm.dll+0x680c57]
V  [jvm.dll+0x67eb52]
V  [jvm.dll+0x1a4dac]
V  [jvm.dll+0x1a5976]
V  [jvm.dll+0x2a8bf4]
V  [jvm.dll+0x68961b]
V  [jvm.dll+0x68161b]
V  [jvm.dll+0x680c57]
V  [jvm.dll+0x67eb52]
V  [jvm.dll+0x1a4dac]
V  [jvm.dll+0x214d48]
V  [jvm.dll+0x1a1c3d]
V  [jvm.dll+0x2249c8]
V  [jvm.dll+0x222b2c]
V  [jvm.dll+0x78650b]
V  [jvm.dll+0x780aca]
V  [jvm.dll+0x670045]
C  [ucrtbase.dll+0x26c0c]
C  [KERNEL32.DLL+0x154e0]
C  [ntdll.dll+0x485b]


---------------  P R O C E S S  ---------------

Threads class SMR info:
_java_thread_list=0x000001b7630f0760, length=13, elements={
0x000001b74205e330, 0x000001b761edf410, 0x000001b761ee23d0, 0x000001b761f03160,
0x000001b761f03b10, 0x000001b761f079c0, 0x000001b761f08370, 0x000001b761f12120,
0x000001b761f1b390, 0x000001b761f33d50, 0x000001b7628c56b0, 0x000001b7628d0650,
0x000001b76317c3f0
}

Java Threads: ( => current thread )
  0x000001b74205e330 JavaThread "main" [_thread_in_vm, id=12624, stack(0x00000088fef00000,0x00000088ff000000)]
  0x000001b761edf410 JavaThread "Reference Handler" daemon [_thread_blocked, id=7584, stack(0x00000088ff600000,0x00000088ff700000)]
  0x000001b761ee23d0 JavaThread "Finalizer" daemon [_thread_blocked, id=8004, stack(0x00000088ff700000,0x00000088ff800000)]
  0x000001b761f03160 JavaThread "Signal Dispatcher" daemon [_thread_blocked, id=7036, stack(0x00000088ff800000,0x00000088ff900000)]
  0x000001b761f03b10 JavaThread "Attach Listener" daemon [_thread_blocked, id=13600, stack(0x00000088ff900000,0x00000088ffa00000)]
  0x000001b761f079c0 JavaThread "Service Thread" daemon [_thread_blocked, id=9764, stack(0x00000088ffa00000,0x00000088ffb00000)]
  0x000001b761f08370 JavaThread "Monitor Deflation Thread" daemon [_thread_blocked, id=12892, stack(0x00000088ffb00000,0x00000088ffc00000)]
  0x000001b761f12120 JavaThread "C2 CompilerThread0" daemon [_thread_blocked, id=13128, stack(0x00000088ffc00000,0x00000088ffd00000)]
  0x000001b761f1b390 JavaThread "C1 CompilerThread0" daemon [_thread_blocked, id=5848, stack(0x00000088ffd00000,0x00000088ffe00000)]
  0x000001b761f33d50 JavaThread "Sweeper thread" daemon [_thread_blocked, id=2968, stack(0x00000088ffe00000,0x00000088fff00000)]
  0x000001b7628c56b0 JavaThread "Notification Thread" daemon [_thread_blocked, id=11908, stack(0x00000088fff00000,0x0000008900000000)]
  0x000001b7628d0650 JavaThread "Common-Cleaner" daemon [_thread_blocked, id=11048, stack(0x0000008880100000,0x0000008880200000)]
=>0x000001b76317c3f0 JavaThread "C2 CompilerThread1" daemon [_thread_in_native, id=5112, stack(0x0000008880500000,0x0000008880600000)]

Other Threads:
  0x000001b761edb980 VMThread "VM Thread" [stack: 0x00000088ff500000,0x00000088ff600000] [id=5068]
  0x000001b7628cffb0 WatcherThread [stack: 0x0000008880000000,0x0000008880100000] [id=11676]
  0x000001b7420b4200 GCTaskThread "GC Thread#0" [stack: 0x00000088ff000000,0x00000088ff100000] [id=5628]
  0x000001b7629df9f0 GCTaskThread "GC Thread#1" [stack: 0x0000008880200000,0x0000008880300000] [id=3800]
  0x000001b763084870 GCTaskThread "GC Thread#2" [stack: 0x0000008880300000,0x0000008880400000] [id=10956]
  0x000001b763084d30 GCTaskThread "GC Thread#3" [stack: 0x0000008880400000,0x0000008880500000] [id=1600]
  0x000001b7420c0e70 ConcurrentGCThread "G1 Main Marker" [stack: 0x00000088ff100000,0x00000088ff200000] [id=13208]
  0x000001b7420c1720 ConcurrentGCThread "G1 Conc#0" [stack: 0x00000088ff200000,0x00000088ff300000] [id=9556]
  0x000001b761db00a0 ConcurrentGCThread "G1 Refine#0" [stack: 0x00000088ff300000,0x00000088ff400000] [id=13232]
  0x000001b761db2970 ConcurrentGCThread "G1 Service" [stack: 0x00000088ff400000,0x00000088ff500000] [id=5928]

Threads with active compile tasks:
C2 CompilerThread1     2521 1625       4       java.lang.String::startsWith (7 bytes)

VM state: not at safepoint (normal execution)

VM Mutex/Monitor currently owned by a thread:  ([mutex/lock_event])
[0x000001b7420570c0] Metaspace_lock - owner thread: 0x000001b74205e330

Heap address: 0x0000000741600000, size: 3050 MB, Compressed Oops mode: Zero based, Oop shift amount: 3

CDS archive(s) mapped at: [0x0000000800000000-0x0000000800bc0000-0x0000000800bc0000), size 12320768, SharedBaseAddress: 0x0000000800000000, ArchiveRelocationMode: 0.
Compressed class space mapped at: 0x0000000800c00000-0x0000000840c00000, reserved size: 1073741824
Narrow klass base: 0x0000000800000000, Narrow klass shift: 0, Narrow klass range: 0x100000000

GC Precious Log:
 CPUs: 4 total, 4 available
 Memory: 12198M
 Large Page Support: Disabled
 NUMA Support: Disabled
 Compressed Oops: Enabled (Zero based)
 Heap Region Size: 2M
 Heap Min Capacity: 8M
 Heap Initial Capacity: 192M
 Heap Max Capacity: 3050M
 Pre-touch: Disabled
 Parallel Workers: 4
 Concurrent Workers: 1
 Concurrent Refinement Workers: 4
 Periodic GC: Disabled

Heap:
 garbage-first heap   total 196608K, used 30089K [0x0000000741600000, 0x0000000800000000)
  region size 2048K, 15 young (30720K), 1 survivors (2048K)
 Metaspace       used 9641K, committed 9728K, reserved 1064960K
  class space    used 1182K, committed 1216K, reserved 1048576K

Heap Regions: E=young(eden), S=young(survivor), O=old, HS=humongous(starts), HC=humongous(continues), CS=collection set, F=free, OA=open archive, CA=closed archive, TAMS=top-at-mark-start (previous, next)
|   0|0x0000000741600000, 0x0000000741800000, 0x0000000741800000|100%| O|  |TAMS 0x0000000741600000, 0x0000000741600000| Untracked 
|   1|0x0000000741800000, 0x00000007418d3200, 0x0000000741a00000| 41%| O|  |TAMS 0x0000000741800000, 0x0000000741800000| Untracked 
|   2|0x0000000741a00000, 0x0000000741a00000, 0x0000000741c00000|  0%| F|  |TAMS 0x0000000741a00000, 0x0000000741a00000| Untracked 
|   3|0x0000000741c00000, 0x0000000741c00000, 0x0000000741e00000|  0%| F|  |TAMS 0x0000000741c00000, 0x0000000741c00000| Untracked 
|   4|0x0000000741e00000, 0x0000000741e00000, 0x0000000742000000|  0%| F|  |TAMS 0x0000000741e00000, 0x0000000741e00000| Untracked 
|   5|0x0000000742000000, 0x0000000742000000, 0x0000000742200000|  0%| F|  |TAMS 0x0000000742000000, 0x0000000742000000| Untracked 
|   6|0x0000000742200000, 0x0000000742200000, 0x0000000742400000|  0%| F|  |TAMS 0x0000000742200000, 0x0000000742200000| Untracked 
|   7|0x0000000742400000, 0x0000000742400000, 0x0000000742600000|  0%| F|  |TAMS 0x0000000742400000, 0x0000000742400000| Untracked 
|   8|0x0000000742600000, 0x0000000742600000, 0x0000000742800000|  0%| F|  |TAMS 0x0000000742600000, 0x0000000742600000| Untracked 
|   9|0x0000000742800000, 0x0000000742800000, 0x0000000742a00000|  0%| F|  |TAMS 0x0000000742800000, 0x0000000742800000| Untracked 
|  10|0x0000000742a00000, 0x0000000742a00000, 0x0000000742c00000|  0%| F|  |TAMS 0x0000000742a00000, 0x0000000742a00000| Untracked 
|  11|0x0000000742c00000, 0x0000000742c00000, 0x0000000742e00000|  0%| F|  |TAMS 0x0000000742c00000, 0x0000000742c00000| Untracked 
|  12|0x0000000742e00000, 0x0000000742e00000, 0x0000000743000000|  0%| F|  |TAMS 0x0000000742e00000, 0x0000000742e00000| Untracked 
|  13|0x0000000743000000, 0x0000000743000000, 0x0000000743200000|  0%| F|  |TAMS 0x0000000743000000, 0x0000000743000000| Untracked 
|  14|0x0000000743200000, 0x0000000743200000, 0x0000000743400000|  0%| F|  |TAMS 0x0000000743200000, 0x0000000743200000| Untracked 
|  15|0x0000000743400000, 0x0000000743400000, 0x0000000743600000|  0%| F|  |TAMS 0x0000000743400000, 0x0000000743400000| Untracked 
|  16|0x0000000743600000, 0x0000000743600000, 0x0000000743800000|  0%| F|  |TAMS 0x0000000743600000, 0x0000000743600000| Untracked 
|  17|0x0000000743800000, 0x0000000743800000, 0x0000000743a00000|  0%| F|  |TAMS 0x0000000743800000, 0x0000000743800000| Untracked 
|  18|0x0000000743a00000, 0x0000000743a00000, 0x0000000743c00000|  0%| F|  |TAMS 0x0000000743a00000, 0x0000000743a00000| Untracked 
|  19|0x0000000743c00000, 0x0000000743c00000, 0x0000000743e00000|  0%| F|  |TAMS 0x0000000743c00000, 0x0000000743c00000| Untracked 
|  20|0x0000000743e00000, 0x0000000743e00000, 0x0000000744000000|  0%| F|  |TAMS 0x0000000743e00000, 0x0000000743e00000| Untracked 
|  21|0x0000000744000000, 0x0000000744000000, 0x0000000744200000|  0%| F|  |TAMS 0x0000000744000000, 0x0000000744000000| Untracked 
|  22|0x0000000744200000, 0x0000000744200000, 0x0000000744400000|  0%| F|  |TAMS 0x0000000744200000, 0x0000000744200000| Untracked 
|  23|0x0000000744400000, 0x0000000744400000, 0x0000000744600000|  0%| F|  |TAMS 0x0000000744400000, 0x0000000744400000| Untracked 
|  24|0x0000000744600000, 0x0000000744600000, 0x0000000744800000|  0%| F|  |TAMS 0x0000000744600000, 0x0000000744600000| Untracked 
|  25|0x0000000744800000, 0x0000000744800000, 0x0000000744a00000|  0%| F|  |TAMS 0x0000000744800000, 0x0000000744800000| Untracked 
|  26|0x0000000744a00000, 0x0000000744a00000, 0x0000000744c00000|  0%| F|  |TAMS 0x0000000744a00000, 0x0000000744a00000| Untracked 
|  27|0x0000000744c00000, 0x0000000744c00000, 0x0000000744e00000|  0%| F|  |TAMS 0x0000000744c00000, 0x0000000744c00000| Untracked 
|  28|0x0000000744e00000, 0x0000000744e00000, 0x0000000745000000|  0%| F|  |TAMS 0x0000000744e00000, 0x0000000744e00000| Untracked 
|  29|0x0000000745000000, 0x0000000745000000, 0x0000000745200000|  0%| F|  |TAMS 0x0000000745000000, 0x0000000745000000| Untracked 
|  30|0x0000000745200000, 0x0000000745200000, 0x0000000745400000|  0%| F|  |TAMS 0x0000000745200000, 0x0000000745200000| Untracked 
|  31|0x0000000745400000, 0x0000000745400000, 0x0000000745600000|  0%| F|  |TAMS 0x0000000745400000, 0x0000000745400000| Untracked 
|  32|0x0000000745600000, 0x0000000745600000, 0x0000000745800000|  0%| F|  |TAMS 0x0000000745600000, 0x0000000745600000| Untracked 
|  33|0x0000000745800000, 0x0000000745800000, 0x0000000745a00000|  0%| F|  |TAMS 0x0000000745800000, 0x0000000745800000| Untracked 
|  34|0x0000000745a00000, 0x0000000745a00000, 0x0000000745c00000|  0%| F|  |TAMS 0x0000000745a00000, 0x0000000745a00000| Untracked 
|  35|0x0000000745c00000, 0x0000000745c00000, 0x0000000745e00000|  0%| F|  |TAMS 0x0000000745c00000, 0x0000000745c00000| Untracked 
|  36|0x0000000745e00000, 0x0000000745e00000, 0x0000000746000000|  0%| F|  |TAMS 0x0000000745e00000, 0x0000000745e00000| Untracked 
|  37|0x0000000746000000, 0x0000000746000000, 0x0000000746200000|  0%| F|  |TAMS 0x0000000746000000, 0x0000000746000000| Untracked 
|  38|0x0000000746200000, 0x0000000746200000, 0x0000000746400000|  0%| F|  |TAMS 0x0000000746200000, 0x0000000746200000| Untracked 
|  39|0x0000000746400000, 0x0000000746400000, 0x0000000746600000|  0%| F|  |TAMS 0x0000000746400000, 0x0000000746400000| Untracked 
|  40|0x0000000746600000, 0x0000000746600000, 0x0000000746800000|  0%| F|  |TAMS 0x0000000746600000, 0x0000000746600000| Untracked 
|  41|0x0000000746800000, 0x0000000746800000, 0x0000000746a00000|  0%| F|  |TAMS 0x0000000746800000, 0x0000000746800000| Untracked 
|  42|0x0000000746a00000, 0x0000000746a00000, 0x0000000746c00000|  0%| F|  |TAMS 0x0000000746a00000, 0x0000000746a00000| Untracked 
|  43|0x0000000746c00000, 0x0000000746c00000, 0x0000000746e00000|  0%| F|  |TAMS 0x0000000746c00000, 0x0000000746c00000| Untracked 
|  44|0x0000000746e00000, 0x0000000746e00000, 0x0000000747000000|  0%| F|  |TAMS 0x0000000746e00000, 0x0000000746e00000| Untracked 
|  45|0x0000000747000000, 0x0000000747000000, 0x0000000747200000|  0%| F|  |TAMS 0x0000000747000000, 0x0000000747000000| Untracked 
|  46|0x0000000747200000, 0x0000000747200000, 0x0000000747400000|  0%| F|  |TAMS 0x0000000747200000, 0x0000000747200000| Untracked 
|  47|0x0000000747400000, 0x0000000747400000, 0x0000000747600000|  0%| F|  |TAMS 0x0000000747400000, 0x0000000747400000| Untracked 
|  48|0x0000000747600000, 0x0000000747600000, 0x0000000747800000|  0%| F|  |TAMS 0x0000000747600000, 0x0000000747600000| Untracked 
|  49|0x0000000747800000, 0x0000000747800000, 0x0000000747a00000|  0%| F|  |TAMS 0x0000000747800000, 0x0000000747800000| Untracked 
|  50|0x0000000747a00000, 0x0000000747a00000, 0x0000000747c00000|  0%| F|  |TAMS 0x0000000747a00000, 0x0000000747a00000| Untracked 
|  51|0x0000000747c00000, 0x0000000747c00000, 0x0000000747e00000|  0%| F|  |TAMS 0x0000000747c00000, 0x0000000747c00000| Untracked 
|  52|0x0000000747e00000, 0x0000000747e00000, 0x0000000748000000|  0%| F|  |TAMS 0x0000000747e00000, 0x0000000747e00000| Untracked 
|  53|0x0000000748000000, 0x0000000748000000, 0x0000000748200000|  0%| F|  |TAMS 0x0000000748000000, 0x0000000748000000| Untracked 
|  54|0x0000000748200000, 0x0000000748200000, 0x0000000748400000|  0%| F|  |TAMS 0x0000000748200000, 0x0000000748200000| Untracked 
|  55|0x0000000748400000, 0x0000000748400000, 0x0000000748600000|  0%| F|  |TAMS 0x0000000748400000, 0x0000000748400000| Untracked 
|  56|0x0000000748600000, 0x0000000748600000, 0x0000000748800000|  0%| F|  |TAMS 0x0000000748600000, 0x0000000748600000| Untracked 
|  57|0x0000000748800000, 0x0000000748800000, 0x0000000748a00000|  0%| F|  |TAMS 0x0000000748800000, 0x0000000748800000| Untracked 
|  58|0x0000000748a00000, 0x0000000748a00000, 0x0000000748c00000|  0%| F|  |TAMS 0x0000000748a00000, 0x0000000748a00000| Untracked 
|  59|0x0000000748c00000, 0x0000000748c00000, 0x0000000748e00000|  0%| F|  |TAMS 0x0000000748c00000, 0x0000000748c00000| Untracked 
|  60|0x0000000748e00000, 0x0000000748e00000, 0x0000000749000000|  0%| F|  |TAMS 0x0000000748e00000, 0x0000000748e00000| Untracked 
|  61|0x0000000749000000, 0x0000000749000000, 0x0000000749200000|  0%| F|  |TAMS 0x0000000749000000, 0x0000000749000000| Untracked 
|  62|0x0000000749200000, 0x0000000749200000, 0x0000000749400000|  0%| F|  |TAMS 0x0000000749200000, 0x0000000749200000| Untracked 
|  63|0x0000000749400000, 0x0000000749400000, 0x0000000749600000|  0%| F|  |TAMS 0x0000000749400000, 0x0000000749400000| Untracked 
|  64|0x0000000749600000, 0x0000000749600000, 0x0000000749800000|  0%| F|  |TAMS 0x0000000749600000, 0x0000000749600000| Untracked 
|  65|0x0000000749800000, 0x0000000749800000, 0x0000000749a00000|  0%| F|  |TAMS 0x0000000749800000, 0x0000000749800000| Untracked 
|  66|0x0000000749a00000, 0x0000000749a00000, 0x0000000749c00000|  0%| F|  |TAMS 0x0000000749a00000, 0x0000000749a00000| Untracked 
|  67|0x0000000749c00000, 0x0000000749c00000, 0x0000000749e00000|  0%| F|  |TAMS 0x0000000749c00000, 0x0000000749c00000| Untracked 
|  68|0x0000000749e00000, 0x0000000749e00000, 0x000000074a000000|  0%| F|  |TAMS 0x0000000749e00000, 0x0000000749e00000| Untracked 
|  69|0x000000074a000000, 0x000000074a000000, 0x000000074a200000|  0%| F|  |TAMS 0x000000074a000000, 0x000000074a000000| Untracked 
|  70|0x000000074a200000, 0x000000074a200000, 0x000000074a400000|  0%| F|  |TAMS 0x000000074a200000, 0x000000074a200000| Untracked 
|  71|0x000000074a400000, 0x000000074a400000, 0x000000074a600000|  0%| F|  |TAMS 0x000000074a400000, 0x000000074a400000| Untracked 
|  72|0x000000074a600000, 0x000000074a600000, 0x000000074a800000|  0%| F|  |TAMS 0x000000074a600000, 0x000000074a600000| Untracked 
|  73|0x000000074a800000, 0x000000074a800000, 0x000000074aa00000|  0%| F|  |TAMS 0x000000074a800000, 0x000000074a800000| Untracked 
|  74|0x000000074aa00000, 0x000000074aa00000, 0x000000074ac00000|  0%| F|  |TAMS 0x000000074aa00000, 0x000000074aa00000| Untracked 
|  75|0x000000074ac00000, 0x000000074ac00000, 0x000000074ae00000|  0%| F|  |TAMS 0x000000074ac00000, 0x000000074ac00000| Untracked 
|  76|0x000000074ae00000, 0x000000074ae00000, 0x000000074b000000|  0%| F|  |TAMS 0x000000074ae00000, 0x000000074ae00000| Untracked 
|  77|0x000000074b000000, 0x000000074b000000, 0x000000074b200000|  0%| F|  |TAMS 0x000000074b000000, 0x000000074b000000| Untracked 
|  78|0x000000074b200000, 0x000000074b200000, 0x000000074b400000|  0%| F|  |TAMS 0x000000074b200000, 0x000000074b200000| Untracked 
|  79|0x000000074b400000, 0x000000074b400000, 0x000000074b600000|  0%| F|  |TAMS 0x000000074b400000, 0x000000074b400000| Untracked 
|  80|0x000000074b600000, 0x000000074b600000, 0x000000074b800000|  0%| F|  |TAMS 0x000000074b600000, 0x000000074b600000| Untracked 
|  81|0x000000074b800000, 0x000000074b88d168, 0x000000074ba00000| 27%| E|  |TAMS 0x000000074b800000, 0x000000074b800000| Complete 
|  82|0x000000074ba00000, 0x000000074bc00000, 0x000000074bc00000|100%| E|CS|TAMS 0x000000074ba00000, 0x000000074ba00000| Complete 
|  83|0x000000074bc00000, 0x000000074be00000, 0x000000074be00000|100%| E|CS|TAMS 0x000000074bc00000, 0x000000074bc00000| Complete 
|  84|0x000000074be00000, 0x000000074c000000, 0x000000074c000000|100%| E|CS|TAMS 0x000000074be00000, 0x000000074be00000| Complete 
|  85|0x000000074c000000, 0x000000074c200000, 0x000000074c200000|100%| E|CS|TAMS 0x000000074c000000, 0x000000074c000000| Complete 
|  86|0x000000074c200000, 0x000000074c400000, 0x000000074c400000|100%| E|CS|TAMS 0x000000074c200000, 0x000000074c200000| Complete 
|  87|0x000000074c400000, 0x000000074c600000, 0x000000074c600000|100%| E|CS|TAMS 0x000000074c400000, 0x000000074c400000| Complete 
|  88|0x000000074c600000, 0x000000074c800000, 0x000000074c800000|100%| E|CS|TAMS 0x000000074c600000, 0x000000074c600000| Complete 
|  89|0x000000074c800000, 0x000000074ca00000, 0x000000074ca00000|100%| E|CS|TAMS 0x000000074c800000, 0x000000074c800000| Complete 
|  90|0x000000074ca00000, 0x000000074ca8f4b8, 0x000000074cc00000| 27%| S|CS|TAMS 0x000000074ca00000, 0x000000074ca00000| Complete 
|  91|0x000000074cc00000, 0x000000074ce00000, 0x000000074ce00000|100%| E|CS|TAMS 0x000000074cc00000, 0x000000074cc00000| Complete 
|  92|0x000000074ce00000, 0x000000074d000000, 0x000000074d000000|100%| E|CS|TAMS 0x000000074ce00000, 0x000000074ce00000| Complete 
|  93|0x000000074d000000, 0x000000074d200000, 0x000000074d200000|100%| E|CS|TAMS 0x000000074d000000, 0x000000074d000000| Complete 
|  94|0x000000074d200000, 0x000000074d400000, 0x000000074d400000|100%| E|CS|TAMS 0x000000074d200000, 0x000000074d200000| Complete 
|  95|0x000000074d400000, 0x000000074d600000, 0x000000074d600000|100%| E|CS|TAMS 0x000000074d400000, 0x000000074d400000| Complete 

Card table byte_map: [0x000001b758ee0000,0x000001b7594e0000] _byte_map_base: 0x000001b7554d5000

Marking Bits (Prev, Next): (CMBitMap*) 0x000001b7420b46b0, (CMBitMap*) 0x000001b7420b46f0
 Prev Bits: [0x000001b759ae0000, 0x000001b75ca88000)
 Next Bits: [0x000001b75ca90000, 0x000001b75fa38000)

Polling page: 0x000001b740080000

Metaspace:

Usage:
  Non-class:      8.26 MB used.
      Class:      1.15 MB used.
       Both:      9.42 MB used.

Virtual space:
  Non-class space:       16.00 MB reserved,       8.31 MB ( 52%) committed,  2 nodes.
      Class space:        1.00 GB reserved,       1.19 MB ( <1%) committed,  1 nodes.
             Both:        1.02 GB reserved,       9.50 MB ( <1%) committed. 

Chunk freelists:
   Non-Class:  1.70 MB
       Class:  2.73 MB
        Both:  4.44 MB

MaxMetaspaceSize: unlimited
CompressedClassSpaceSize: 1.00 GB
Initial GC threshold: 21.00 MB
Current GC threshold: 21.00 MB
CDS: on
MetaspaceReclaimPolicy: balanced
 - commit_granule_bytes: 65536.
 - commit_granule_words: 8192.
 - virtual_space_node_default_size: 1048576.
 - enlarge_chunks_in_place: 1.
 - new_chunks_are_fully_committed: 0.
 - uncommit_free_chunks: 1.
 - use_allocation_guard: 0.
 - handle_deallocations: 1.


Internal statistics:

num_allocs_failed_limit: 0.
num_arena_births: 28.
num_arena_deaths: 0.
num_vsnodes_births: 3.
num_vsnodes_deaths: 0.
num_space_committed: 152.
num_space_uncommitted: 0.
num_chunks_returned_to_freelist: 0.
num_chunks_taken_from_freelist: 352.
num_chunk_merges: 0.
num_chunk_splits: 259.
num_chunks_enlarged: 216.
num_purges: 0.
num_inconsistent_stats: 0.

CodeHeap 'non-profiled nmethods': size=120000Kb used=703Kb max_used=703Kb free=119296Kb
 bounds [0x000001b7513b0000, 0x000001b751620000, 0x000001b7588e0000]
CodeHeap 'profiled nmethods': size=120000Kb used=3456Kb max_used=3456Kb free=116543Kb
 bounds [0x000001b749e80000, 0x000001b74a1f0000, 0x000001b7513b0000]
CodeHeap 'non-nmethods': size=5760Kb used=1160Kb max_used=1215Kb free=4599Kb
 bounds [0x000001b7498e0000, 0x000001b749b50000, 0x000001b749e80000]
 total_blobs=2204 nmethods=1757 adapters=359
 compilation: enabled
              stopped_count=0, restarted_count=0
 full_count=0

Compilation events (20 events):
Event: 2.213 Thread 0x000001b761f1b390 1614       3       java.util.LinkedHashMap$LinkedValues::toArray (16 bytes)
Event: 2.213 Thread 0x000001b761f1b390 nmethod 1614 0x000001b74a1a1990 code [0x000001b74a1a1b40, 0x000001b74a1a1cd8]
Event: 2.213 Thread 0x000001b761f1b390 1611       3       java.util.Collections$UnmodifiableMap::get (11 bytes)
Event: 2.214 Thread 0x000001b761f1b390 nmethod 1611 0x000001b74a1a1e10 code [0x000001b74a1a1fc0, 0x000001b74a1a21a8]
Event: 2.214 Thread 0x000001b761f1b390 1617       3       com.google.inject.internal.Scoping::makeInjectable (47 bytes)
Event: 2.215 Thread 0x000001b761f1b390 nmethod 1617 0x000001b74a1a2290 code [0x000001b74a1a24a0, 0x000001b74a1a2be8]
Event: 2.215 Thread 0x000001b761f1b390 1616       3       java.util.Collections$EmptySet::toArray (11 bytes)
Event: 2.215 Thread 0x000001b761f1b390 nmethod 1616 0x000001b74a1a2e90 code [0x000001b74a1a3040, 0x000001b74a1a3358]
Event: 2.215 Thread 0x000001b761f1b390 1619       3       com.google.common.collect.ObjectArrays::checkElementNotNull (36 bytes)
Event: 2.215 Thread 0x000001b761f1b390 nmethod 1619 0x000001b74a1a3490 code [0x000001b74a1a3680, 0x000001b74a1a39c8]
Event: 2.229 Thread 0x000001b761f1b390 1620       3       com.google.common.cache.LocalCache$EntryFactory$1::newEntry (12 bytes)
Event: 2.229 Thread 0x000001b761f1b390 nmethod 1620 0x000001b74a1a3b90 code [0x000001b74a1a3d60, 0x000001b74a1a4198]
Event: 2.229 Thread 0x000001b761f1b390 1621       3       com.google.common.cache.LocalCache$StrongEntry::<init> (27 bytes)
Event: 2.230 Thread 0x000001b761f1b390 nmethod 1621 0x000001b74a1a4310 code [0x000001b74a1a44c0, 0x000001b74a1a4818]
Event: 2.230 Thread 0x000001b761f1b390 1622       3       com.google.common.cache.LocalCache$AbstractReferenceEntry::<init> (5 bytes)
Event: 2.230 Thread 0x000001b761f1b390 nmethod 1622 0x000001b74a1a4910 code [0x000001b74a1a4aa0, 0x000001b74a1a4bf8]
Event: 2.231 Thread 0x000001b76317c3f0 1623       4       java.lang.Character::toLowerCase (9 bytes)
Event: 2.235 Thread 0x000001b76317c3f0 nmethod 1623 0x000001b751451d10 code [0x000001b751451ea0, 0x000001b751451fd8]
Event: 2.236 Thread 0x000001b761f1b390 1624       3       java.util.HashMap::<init> (98 bytes)
Event: 2.236 Thread 0x000001b76317c3f0 1625       4       java.lang.String::startsWith (7 bytes)

GC Heap History (4 events):
Event: 0.695 GC heap before
{Heap before GC invocations=0 (full 0):
 garbage-first heap   total 196608K, used 10240K [0x0000000741600000, 0x0000000800000000)
  region size 2048K, 6 young (12288K), 0 survivors (0K)
 Metaspace       used 3473K, committed 3648K, reserved 1056768K
  class space    used 357K, committed 448K, reserved 1048576K
}
Event: 0.699 GC heap after
{Heap after GC invocations=1 (full 0):
 garbage-first heap   total 196608K, used 2861K [0x0000000741600000, 0x0000000800000000)
  region size 2048K, 1 young (2048K), 1 survivors (2048K)
 Metaspace       used 3473K, committed 3648K, reserved 1056768K
  class space    used 357K, committed 448K, reserved 1048576K
}
Event: 1.245 GC heap before
{Heap before GC invocations=1 (full 0):
 garbage-first heap   total 196608K, used 13101K [0x0000000741600000, 0x0000000800000000)
  region size 2048K, 6 young (12288K), 1 survivors (2048K)
 Metaspace       used 4977K, committed 5120K, reserved 1056768K
  class space    used 577K, committed 640K, reserved 1048576K
}
Event: 1.249 GC heap after
{Heap after GC invocations=2 (full 0):
 garbage-first heap   total 196608K, used 3465K [0x0000000741600000, 0x0000000800000000)
  region size 2048K, 1 young (2048K), 1 survivors (2048K)
 Metaspace       used 4977K, committed 5120K, reserved 1056768K
  class space    used 577K, committed 640K, reserved 1048576K
}

Deoptimization events (20 events):
Event: 1.205 Thread 0x000001b74205e330 DEOPT PACKING pc=0x000001b751401160 sp=0x00000088feffd430
Event: 1.205 Thread 0x000001b74205e330 DEOPT UNPACKING pc=0x000001b7499323a3 sp=0x00000088feffd408 mode 2
Event: 1.209 Thread 0x000001b74205e330 Uncommon trap: trap_request=0xffffffde fr.pc=0x000001b751401160 relative=0x00000000000001c0
Event: 1.209 Thread 0x000001b74205e330 Uncommon trap: reason=class_check action=maybe_recompile pc=0x000001b751401160 method=java.nio.Buffer.<init>(IIIILjdk/internal/access/foreign/MemorySegmentProxy;)V @ 39 c2
Event: 1.209 Thread 0x000001b74205e330 DEOPT PACKING pc=0x000001b751401160 sp=0x00000088feffd440
Event: 1.209 Thread 0x000001b74205e330 DEOPT UNPACKING pc=0x000001b7499323a3 sp=0x00000088feffd418 mode 2
Event: 1.272 Thread 0x000001b74205e330 Uncommon trap: trap_request=0xffffff45 fr.pc=0x000001b75140bff0 relative=0x0000000000000970
Event: 1.272 Thread 0x000001b74205e330 Uncommon trap: reason=unstable_if action=reinterpret pc=0x000001b75140bff0 method=java.util.HashMap.putVal(ILjava/lang/Object;Ljava/lang/Object;ZZ)Ljava/lang/Object; @ 181 c2
Event: 1.272 Thread 0x000001b74205e330 DEOPT PACKING pc=0x000001b75140bff0 sp=0x00000088feffd790
Event: 1.272 Thread 0x000001b74205e330 DEOPT UNPACKING pc=0x000001b7499323a3 sp=0x00000088feffd720 mode 2
Event: 1.355 Thread 0x000001b74205e330 Uncommon trap: trap_request=0xffffffde fr.pc=0x000001b751420b68 relative=0x00000000000009e8
Event: 1.355 Thread 0x000001b74205e330 Uncommon trap: reason=class_check action=maybe_recompile pc=0x000001b751420b68 method=java.util.HashMap.putVal(ILjava/lang/Object;Ljava/lang/Object;ZZ)Ljava/lang/Object; @ 203 c2
Event: 1.355 Thread 0x000001b74205e330 DEOPT PACKING pc=0x000001b751420b68 sp=0x00000088feffd500
Event: 1.355 Thread 0x000001b74205e330 DEOPT UNPACKING pc=0x000001b7499323a3 sp=0x00000088feffd438 mode 2
Event: 1.452 Thread 0x000001b74205e330 Uncommon trap: trap_request=0xffffff45 fr.pc=0x000001b7514298e4 relative=0x00000000000004c4
Event: 1.452 Thread 0x000001b74205e330 Uncommon trap: reason=unstable_if action=reinterpret pc=0x000001b7514298e4 method=java.lang.String.<init>([CIILjava/lang/Void;)V @ 5 c2
Event: 1.452 Thread 0x000001b74205e330 DEOPT PACKING pc=0x000001b7514298e4 sp=0x00000088feffd6a0
Event: 1.452 Thread 0x000001b74205e330 DEOPT UNPACKING pc=0x000001b7499323a3 sp=0x00000088feffd538 mode 2
Event: 2.146 Thread 0x000001b74205e330 DEOPT PACKING pc=0x000001b74a166cbc sp=0x00000088feffd950
Event: 2.146 Thread 0x000001b74205e330 DEOPT UNPACKING pc=0x000001b749932b43 sp=0x00000088feffceb0 mode 0

Classes unloaded (0 events):
No events

Classes redefined (0 events):
No events

Internal exceptions (13 events):
Event: 0.228 Thread 0x000001b74205e330 Exception <a 'java/lang/NullPointerException'{0x000000074d373d98}> (0x000000074d373d98) 
thrown [t:\workspace\open\src\hotspot\share\interpreter\linkResolver.cpp, line 1357]
Event: 0.285 Thread 0x000001b74205e330 Exception <a 'java/lang/NullPointerException'{0x000000074d3bb3f8}> (0x000000074d3bb3f8) 
thrown [t:\workspace\open\src\hotspot\share\interpreter\linkResolver.cpp, line 1357]
Event: 0.285 Thread 0x000001b74205e330 Exception <a 'java/lang/NullPointerException'{0x000000074d3bb6d0}> (0x000000074d3bb6d0) 
thrown [t:\workspace\open\src\hotspot\share\interpreter\linkResolver.cpp, line 1357]
Event: 0.285 Thread 0x000001b74205e330 Exception <a 'java/lang/NullPointerException'{0x000000074d3bb9a8}> (0x000000074d3bb9a8) 
thrown [t:\workspace\open\src\hotspot\share\interpreter\linkResolver.cpp, line 1357]
Event: 0.286 Thread 0x000001b74205e330 Exception <a 'java/lang/NullPointerException'{0x000000074d3c14c8}> (0x000000074d3c14c8) 
thrown [t:\workspace\open\src\hotspot\share\interpreter\linkResolver.cpp, line 1357]
Event: 0.287 Thread 0x000001b74205e330 Exception <a 'java/lang/NullPointerException'{0x000000074d3d7958}> (0x000000074d3d7958) 
thrown [t:\workspace\open\src\hotspot\share\interpreter\linkResolver.cpp, line 1357]
Event: 0.287 Thread 0x000001b74205e330 Exception <a 'java/lang/NullPointerException'{0x000000074d3d7c30}> (0x000000074d3d7c30) 
thrown [t:\workspace\open\src\hotspot\share\interpreter\linkResolver.cpp, line 1357]
Event: 0.287 Thread 0x000001b74205e330 Exception <a 'java/lang/NullPointerException'{0x000000074d3d7f08}> (0x000000074d3d7f08) 
thrown [t:\workspace\open\src\hotspot\share\interpreter\linkResolver.cpp, line 1357]
Event: 0.287 Thread 0x000001b74205e330 Exception <a 'java/lang/NullPointerException'{0x000000074d3d81e0}> (0x000000074d3d81e0) 
thrown [t:\workspace\open\src\hotspot\share\interpreter\linkResolver.cpp, line 1357]
Event: 0.366 Thread 0x000001b74205e330 Exception <a 'java/lang/NullPointerException'{0x000000074d113818}> (0x000000074d113818) 
thrown [t:\workspace\open\src\hotspot\share\interpreter\linkResolver.cpp, line 1357]
Event: 0.366 Thread 0x000001b74205e330 Exception <a 'java/lang/NullPointerException'{0x000000074d11bee8}> (0x000000074d11bee8) 
thrown [t:\workspace\open\src\hotspot\share\interpreter\linkResolver.cpp, line 1357]
Event: 0.768 Thread 0x000001b74205e330 Exception <a 'java/lang/NoSuchMethodError'{0x000000074d5c3640}: 'java.lang.Object java.lang.invoke.DirectMethodHandle$Holder.newInvokeSpecial(java.lang.Object, java.lang.Object, java.lang.Object, java.lang.Object, java.lang.Object)'> (0x000000074d5c3640) 
thrown [t:\workspace\open\src\hotspot\share\interpreter\linkResolver.cpp, line 766]
Event: 0.833 Thread 0x000001b74205e330 Exception <a 'java/lang/NoClassDefFoundError'{0x000000074d323680}: javax/enterprise/inject/Typed> (0x000000074d323680) 
thrown [t:\workspace\open\src\hotspot\share\classfile\systemDictionary.cpp, line 245]

VM Operations (20 events):
Event: 0.108 Executing VM operation: HandshakeAllThreads
Event: 0.108 Executing VM operation: HandshakeAllThreads done
Event: 0.227 Executing VM operation: HandshakeAllThreads
Event: 0.227 Executing VM operation: HandshakeAllThreads done
Event: 0.235 Executing VM operation: HandshakeAllThreads
Event: 0.235 Executing VM operation: HandshakeAllThreads done
Event: 0.421 Executing VM operation: HandshakeAllThreads
Event: 0.421 Executing VM operation: HandshakeAllThreads done
Event: 0.695 Executing VM operation: G1CollectForAllocation
Event: 0.699 Executing VM operation: G1CollectForAllocation done
Event: 1.245 Executing VM operation: G1CollectForAllocation
Event: 1.249 Executing VM operation: G1CollectForAllocation done
Event: 1.705 Executing VM operation: HandshakeAllThreads
Event: 1.705 Executing VM operation: HandshakeAllThreads done
Event: 2.136 Executing VM operation: HandshakeAllThreads
Event: 2.136 Executing VM operation: HandshakeAllThreads done
Event: 2.144 Executing VM operation: HandshakeAllThreads
Event: 2.144 Executing VM operation: HandshakeAllThreads done
Event: 2.215 Executing VM operation: ICBufferFull
Event: 2.215 Executing VM operation: ICBufferFull done

Events (20 events):
Event: 1.889 loading class java/util/EventObject
Event: 1.889 loading class java/util/EventObject done
Event: 1.900 loading class sun/reflect/generics/scope/ConstructorScope
Event: 1.900 loading class sun/reflect/generics/scope/ConstructorScope done
Event: 1.900 loading class sun/reflect/generics/repository/ConstructorRepository
Event: 1.900 loading class sun/reflect/generics/repository/ConstructorRepository done
Event: 1.900 loading class sun/reflect/generics/tree/VoidDescriptor
Event: 1.900 loading class sun/reflect/generics/tree/VoidDescriptor done
Event: 1.900 loading class sun/reflect/generics/tree/MethodTypeSignature
Event: 1.900 loading class sun/reflect/generics/tree/MethodTypeSignature done
Event: 1.996 loading class sun/reflect/generics/repository/FieldRepository
Event: 1.996 loading class sun/reflect/generics/repository/FieldRepository done
Event: 2.012 loading class javax/net/ssl/SSLSocketFactory
Event: 2.012 loading class javax/net/SocketFactory
Event: 2.012 loading class javax/net/SocketFactory done
Event: 2.012 loading class javax/net/ssl/SSLSocketFactory done
Event: 2.234 loading class sun/reflect/generics/scope/MethodScope
Event: 2.234 loading class sun/reflect/generics/scope/MethodScope done
Event: 2.234 loading class sun/reflect/generics/repository/MethodRepository
Event: 2.234 loading class sun/reflect/generics/repository/MethodRepository done


Dynamic libraries:
0x00007ff604270000 - 0x00007ff604280000 	D:\Java\17\bin\javaw.exe
0x00007ff918400000 - 0x00007ff918609000 	C:\Windows\SYSTEM32\ntdll.dll
0x00007ff916fc0000 - 0x00007ff91707d000 	C:\Windows\System32\KERNEL32.DLL
0x00007ff915a10000 - 0x00007ff915d89000 	C:\Windows\System32\KERNELBASE.dll
0x00007ff916110000 - 0x00007ff916221000 	C:\Windows\System32\ucrtbase.dll
0x00007ff90bbd0000 - 0x00007ff90bbe8000 	D:\Java\17\bin\jli.dll
0x00007ff916d50000 - 0x00007ff916dfe000 	C:\Windows\System32\ADVAPI32.dll
0x00007ff917900000 - 0x00007ff9179a3000 	C:\Windows\System32\msvcrt.dll
0x00007ff916380000 - 0x00007ff91641e000 	C:\Windows\System32\sechost.dll
0x00007ff916420000 - 0x00007ff916540000 	C:\Windows\System32\RPCRT4.dll
0x00007ff918210000 - 0x00007ff9183bc000 	C:\Windows\System32\USER32.dll
0x00007ff915eb0000 - 0x00007ff915ed6000 	C:\Windows\System32\win32u.dll
0x00007ff916b30000 - 0x00007ff916b59000 	C:\Windows\System32\GDI32.dll
0x00007ff915d90000 - 0x00007ff915ea2000 	C:\Windows\System32\gdi32full.dll
0x00007ff915970000 - 0x00007ff915a0d000 	C:\Windows\System32\msvcp_win.dll
0x00007ff902ca0000 - 0x00007ff902cba000 	D:\Java\17\bin\VCRUNTIME140.dll
0x00007ff9077c0000 - 0x00007ff907a65000 	C:\Windows\WinSxS\amd64_microsoft.windows.common-controls_6595b64144ccf1df_6.0.22000.120_none_9d947278b86cc467\COMCTL32.dll
0x00007ff90eaa0000 - 0x00007ff90eaaa000 	C:\Windows\SYSTEM32\VERSION.dll
0x00007ff916bc0000 - 0x00007ff916bf1000 	C:\Windows\System32\IMM32.DLL
0x00007ff912e10000 - 0x00007ff912e1c000 	D:\Java\17\bin\vcruntime140_1.dll
0x00007ff8f1f70000 - 0x00007ff8f1ffd000 	D:\Java\17\bin\msvcp140.dll
0x00007ff8abd50000 - 0x00007ff8ac910000 	D:\Java\17\bin\server\jvm.dll
0x00007ff918180000 - 0x00007ff918188000 	C:\Windows\System32\PSAPI.DLL
0x00007ff908960000 - 0x00007ff908969000 	C:\Windows\SYSTEM32\WSOCK32.dll
0x00007ff916970000 - 0x00007ff9169df000 	C:\Windows\System32\WS2_32.dll
0x00007ff910240000 - 0x00007ff910273000 	C:\Windows\SYSTEM32\WINMM.dll
0x00007ff9149f0000 - 0x00007ff914a08000 	C:\Windows\SYSTEM32\kernel.appcore.dll
0x00007ff90be50000 - 0x00007ff90be5a000 	D:\Java\17\bin\jimage.dll
0x00007ff8fd1d0000 - 0x00007ff8fd3f1000 	C:\Windows\SYSTEM32\DBGHELP.DLL
0x00007ff9036a0000 - 0x00007ff9036d1000 	C:\Windows\SYSTEM32\dbgcore.DLL
0x00007ff9158f0000 - 0x00007ff91596f000 	C:\Windows\System32\bcryptPrimitives.dll
0x00007ff900370000 - 0x00007ff900395000 	D:\Java\17\bin\java.dll
0x00007ff8e56e0000 - 0x00007ff8e57b6000 	D:\Java\17\bin\jsvml.dll
0x00007ff917080000 - 0x00007ff91782f000 	C:\Windows\System32\SHELL32.dll
0x00007ff913a20000 - 0x00007ff914288000 	C:\Windows\SYSTEM32\windows.storage.dll
0x00007ff9165f0000 - 0x00007ff916968000 	C:\Windows\System32\combase.dll
0x00007ff9138b0000 - 0x00007ff913a16000 	C:\Windows\SYSTEM32\wintypes.dll
0x00007ff916ed0000 - 0x00007ff916fba000 	C:\Windows\System32\SHCORE.dll
0x00007ff916b60000 - 0x00007ff916bbd000 	C:\Windows\System32\shlwapi.dll
0x00007ff915820000 - 0x00007ff915841000 	C:\Windows\SYSTEM32\profapi.dll
0x00007ff900350000 - 0x00007ff900369000 	D:\Java\17\bin\net.dll
0x00007ff90fe30000 - 0x00007ff90ff3c000 	C:\Windows\SYSTEM32\WINHTTP.dll
0x00007ff914e20000 - 0x00007ff914e87000 	C:\Windows\system32\mswsock.dll
0x00007ff8fc8a0000 - 0x00007ff8fc8b6000 	D:\Java\17\bin\nio.dll
0x00007ff8fc840000 - 0x00007ff8fc858000 	D:\Java\17\bin\zip.dll
0x0000000069ac0000 - 0x0000000069ae4000 	C:\Users\a_blu\AppData\Local\Temp\jansi-2.4.0-37c6af360a27bbb0-jansi.dll
0x00007ff902c90000 - 0x00007ff902ca0000 	D:\Java\17\bin\verify.dll

dbghelp: loaded successfully - version: 4.0.5 - missing functions: none
symbol engine: initialized successfully - sym options: 0x614 - pdb path: .;D:\Java\17\bin;C:\Windows\SYSTEM32;C:\Windows\WinSxS\amd64_microsoft.windows.common-controls_6595b64144ccf1df_6.0.22000.120_none_9d947278b86cc467;D:\Java\17\bin\server;C:\Users\a_blu\AppData\Local\Temp

VM Arguments:
jvm_args: -Dmaven.home=EMBEDDED -Dclassworlds.conf=F:\JavaWorkSpace\projects\.metadata\.plugins\org.eclipse.m2e.launching\launches\m2conf18378431094724864895.tmp -Dmaven.multiModuleProjectDirectory=F:\JavaWorkSpace\projects\ErrorLogin -Dfile.encoding=GBK -XX:+ShowCodeDetailsInExceptionMessages 
java_command: org.codehaus.plexus.classworlds.launcher.Launcher -B clean package
java_class_path (initial): D:\Eclipse\plugins\org.eclipse.m2e.maven.runtime_1.18.3.20220227-1319\jars\plexus-classworlds-2.6.0.jar
Launcher Type: SUN_STANDARD

[Global flags]
     intx CICompilerCount                          = 3                                         {product} {ergonomic}
     uint ConcGCThreads                            = 1                                         {product} {ergonomic}
     uint G1ConcRefinementThreads                  = 4                                         {product} {ergonomic}
   size_t G1HeapRegionSize                         = 2097152                                   {product} {ergonomic}
    uintx GCDrainStackTargetSize                   = 64                                        {product} {ergonomic}
   size_t InitialHeapSize                          = 201326592                                 {product} {ergonomic}
   size_t MarkStackSize                            = 4194304                                   {product} {ergonomic}
   size_t MaxHeapSize                              = 3198156800                                {product} {ergonomic}
   size_t MaxNewSize                               = 1918894080                                {product} {ergonomic}
   size_t MinHeapDeltaBytes                        = 2097152                                   {product} {ergonomic}
   size_t MinHeapSize                              = 8388608                                   {product} {ergonomic}
    uintx NonNMethodCodeHeapSize                   = 5832780                                {pd product} {ergonomic}
    uintx NonProfiledCodeHeapSize                  = 122912730                              {pd product} {ergonomic}
    uintx ProfiledCodeHeapSize                     = 122912730                              {pd product} {ergonomic}
    uintx ReservedCodeCacheSize                    = 251658240                              {pd product} {ergonomic}
     bool SegmentedCodeCache                       = true                                      {product} {ergonomic}
     bool ShowCodeDetailsInExceptionMessages       = true                                   {manageable} {command line}
   size_t SoftMaxHeapSize                          = 3198156800                             {manageable} {ergonomic}
     bool UseCompressedClassPointers               = true                           {product lp64_product} {ergonomic}
     bool UseCompressedOops                        = true                           {product lp64_product} {ergonomic}
     bool UseG1GC                                  = true                                      {product} {ergonomic}
     bool UseLargePagesIndividualAllocation        = false                                  {pd product} {ergonomic}

Logging:
Log output configuration:
 #0: stdout all=warning uptime,level,tags
 #1: stderr all=off uptime,level,tags

Environment Variables:
PATH=D:/Eclipse//plugins/org.eclipse.justj.openjdk.hotspot.jre.full.win32.x86_64_17.0.2.v20220201-1208/jre/bin/server;D:/Eclipse//plugins/org.eclipse.justj.openjdk.hotspot.jre.full.win32.x86_64_17.0.2.v20220201-1208/jre/bin;C:\Program Files\Microsoft\jdk-11.0.12.7-hotspot\bin;C:\Program Files (x86)\Common Files\Intel\Shared Libraries\redist\intel64\compiler;C:\Program Files\Common Files\Oracle\Java\javapath;C:\Windows\system32;C:\Windows;C:\Windows\System32\Wbem;C:\Windows\System32\WindowsPowerShell\v1.0\;C:\Windows\System32\OpenSSH\;C:\Program Files (x86)\ZeroTier\One\;D:\FFMPEG\ffmpeg-N-104375-g77970abb71-win64-gpl\bin;D:\ADB;C:\Program Files\Microsoft SQL Server\150\Tools\Binn\;C:\Program Files\Microsoft SQL Server\Client SDK\ODBC\170\Tools\Binn\;C:\Program Files\dotnet\;D:\Program Files (x86)\IncrediBuild;D:\Maven\apache-maven-3.8.5\bin;;C:\Program Files (x86)\NVIDIA Corporation\PhysX\Common;D:\Python1.10\Scripts\;D:\Python1.10\;C:\Users\a_blu\AppData\Local\Microsoft\WindowsApps;;D:\Microsoft VS Code\bin;D:\cpolar\;C:\Users\a_blu\.dotnet\tools;D:\Eclipse;
USERNAME=a_blu
OS=Windows_NT
PROCESSOR_IDENTIFIER=Intel64 Family 6 Model 142 Stepping 9, GenuineIntel



---------------  S Y S T E M  ---------------

OS:
 Windows 11 , 64 bit Build 22000 (10.0.22000.675)
OS uptime: 8 days 0:33 hours

CPU: total 4 (initial active 4) (2 cores per cpu, 2 threads per core) family 6 model 142 stepping 9 microcode 0xde, cx8, cmov, fxsr, ht, mmx, 3dnowpref, sse, sse2, sse3, ssse3, sse4.1, sse4.2, popcnt, lzcnt, tsc, tscinvbit, avx, avx2, aes, erms, clmul, bmi1, bmi2, adx, fma, vzeroupper, clflush, clflushopt

Memory: 4k page, system-wide physical 12198M (1419M free)
TotalPageFile size 15270M (AvailPageFile size 4M)
current process WorkingSet (physical memory assigned to process): 95M, peak: 98M
current process commit charge ("private bytes"): 294M, peak: 298M

vm_info: Java HotSpot(TM) 64-Bit Server VM (17.0.3.1+2-LTS-6) for windows-amd64 JRE (17.0.3.1+2-LTS-6), built on Apr 25 2022 22:04:21 by "mach5one" with MS VC++ 16.8 / 16.9 (VS2019)

END.
